Cache sync 1 at Wed Apr 29 18:17:39 UTC 2026
Cache sync 2 at Wed Apr 29 18:17:39 UTC 2026
Cache sync 3 at Wed Apr 29 18:17:39 UTC 2026
Cache sync 4 at Wed Apr 29 18:17:39 UTC 2026
Cache sync 5 at Wed Apr 29 18:17:39 UTC 2026
Cache sync 6 at Wed Apr 29 18:17:39 UTC 2026
Cache sync 7 at Wed Apr 29 18:17:39 UTC 2026
Cache sync 8 at Wed Apr 29 18:17:39 UTC 2026
Cache sync 9 at Wed Apr 29 18:17:39 UTC 2026
Cache sync 10 at Wed Apr 29 18:17:39 UTC 2026
Cache sync 11 at Wed Apr 29 18:17:39 UTC 2026
Cache sync 12 at Wed Apr 29 18:17:39 UTC 2026
Cache sync 13 at Wed Apr 29 18:17:39 UTC 2026
Cache sync 14 at Wed Apr 29 18:17:39 UTC 2026
Cache sync 15 at Wed Apr 29 18:17:39 UTC 2026
Cache sync 16 at Wed Apr 29 18:17:39 UTC 2026
Cache sync 17 at Wed Apr 29 18:17:39 UTC 2026
Cache sync 18 at Wed Apr 29 18:17:39 UTC 2026
Cache sync 19 at Wed Apr 29 18:17:39 UTC 2026
Cache sync 20 at Wed Apr 29 18:17:39 UTC 2026
Cache sync 21 at Wed Apr 29 18:17:39 UTC 2026
Cache sync 22 at Wed Apr 29 18:17:39 UTC 2026
Cache sync 23 at Wed Apr 29 18:17:39 UTC 2026
Cache sync 24 at Wed Apr 29 18:17:39 UTC 2026
Cache sync 25 at Wed Apr 29 18:17:39 UTC 2026
Cache sync 26 at Wed Apr 29 18:17:39 UTC 2026
Cache sync 27 at Wed Apr 29 18:17:39 UTC 2026
Cache sync 28 at Wed Apr 29 18:17:39 UTC 2026
Cache sync 29 at Wed Apr 29 18:17:39 UTC 2026
Cache sync 30 at Wed Apr 29 18:17:39 UTC 2026
Cache sync 31 at Wed Apr 29 18:17:39 UTC 2026
Cache sync 1 at Thu Apr 30 18:16:05 UTC 2026
Cache sync 2 at Thu Apr 30 18:16:05 UTC 2026
Cache sync 3 at Thu Apr 30 18:16:05 UTC 2026
Cache sync 4 at Thu Apr 30 18:16:05 UTC 2026
Cache sync 5 at Thu Apr 30 18:16:05 UTC 2026
Cache sync 6 at Thu Apr 30 18:16:05 UTC 2026
Cache sync 7 at Thu Apr 30 18:16:05 UTC 2026
Cache sync 8 at Thu Apr 30 18:16:05 UTC 2026
Cache sync 9 at Thu Apr 30 18:16:05 UTC 2026
Cache sync 10 at Thu Apr 30 18:16:05 UTC 2026
Cache sync 11 at Thu Apr 30 18:16:05 UTC 2026
Cache sync 12 at Thu Apr 30 18:16:05 UTC 2026
Cache sync 13 at Thu Apr 30 18:16:05 UTC 2026
Cache sync 14 at Thu Apr 30 18:16:05 UTC 2026
Cache sync 15 at Thu Apr 30 18:16:05 UTC 2026
Cache sync 16 at Thu Apr 30 18:16:05 UTC 2026
Cache sync 17 at Thu Apr 30 18:16:05 UTC 2026
Cache sync 18 at Thu Apr 30 18:16:05 UTC 2026
Cache sync 19 at Thu Apr 30 18:16:05 UTC 2026
Cache sync 20 at Thu Apr 30 18:16:05 UTC 2026
Cache sync 21 at Thu Apr 30 18:16:05 UTC 2026
Cache sync 22 at Thu Apr 30 18:16:05 UTC 2026
Cache sync 23 at Thu Apr 30 18:16:05 UTC 2026
Cache sync 24 at Thu Apr 30 18:16:05 UTC 2026
Cache sync 25 at Thu Apr 30 18:16:05 UTC 2026
Cache sync 26 at Thu Apr 30 18:16:05 UTC 2026
Cache sync 27 at Thu Apr 30 18:16:05 UTC 2026
Cache sync 28 at Thu Apr 30 18:16:05 UTC 2026
Cache sync 29 at Thu Apr 30 18:16:05 UTC 2026
Cache sync 30 at Thu Apr 30 18:16:05 UTC 2026
Cache sync 31 at Thu Apr 30 18:16:05 UTC 2026
Cache sync 32 at Thu Apr 30 18:16:05 UTC 2026
Cache sync 33 at Thu Apr 30 18:16:05 UTC 2026
Cache sync 34 at Thu Apr 30 18:16:05 UTC 2026
Cache sync 35 at Thu Apr 30 18:16:05 UTC 2026
Cache sync 36 at Thu Apr 30 18:16:05 UTC 2026
Cache sync 37 at Thu Apr 30 18:16:05 UTC 2026
Cache sync 38 at Thu Apr 30 18:16:05 UTC 2026
Cache sync 39 at Thu Apr 30 18:16:05 UTC 2026
Cache sync 40 at Thu Apr 30 18:16:05 UTC 2026
Cache sync 41 at Thu Apr 30 18:16:05 UTC 2026
Cache sync 42 at Thu Apr 30 18:16:05 UTC 2026
Cache sync 43 at Thu Apr 30 18:16:05 UTC 2026
Cache sync 44 at Thu Apr 30 18:16:05 UTC 2026
Cache sync 45 at Thu Apr 30 18:16:05 UTC 2026
Cache sync 46 at Thu Apr 30 18:16:05 UTC 2026
Cache sync 47 at Thu Apr 30 18:16:05 UTC 2026
Cache sync 48 at Thu Apr 30 18:16:05 UTC 2026
Cache sync 49 at Thu Apr 30 18:16:05 UTC 2026
Cache sync 50 at Thu Apr 30 18:16:05 UTC 2026
Cache sync 51 at Thu Apr 30 18:16:05 UTC 2026
Cache sync 52 at Thu Apr 30 18:16:05 UTC 2026
Cache sync 53 at Thu Apr 30 18:16:05 UTC 2026
Cache sync 54 at Thu Apr 30 18:16:05 UTC 2026
Cache sync 55 at Thu Apr 30 18:16:05 UTC 2026
Cache sync 56 at Thu Apr 30 18:16:05 UTC 2026
Cache sync 57 at Thu Apr 30 18:16:05 UTC 2026
Cache sync 58 at Thu Apr 30 18:16:05 UTC 2026
Cache sync 59 at Thu Apr 30 18:16:05 UTC 2026
Cache sync 60 at Thu Apr 30 18:16:05 UTC 2026
Cache sync 61 at Thu Apr 30 18:16:05 UTC 2026
Cache sync 62 at Thu Apr 30 18:16:05 UTC 2026
Cache sync 63 at Thu Apr 30 18:16:06 UTC 2026
Cache sync 64 at Thu Apr 30 18:16:06 UTC 2026
Cache sync 65 at Thu Apr 30 18:16:06 UTC 2026
Cache sync 66 at Thu Apr 30 18:16:06 UTC 2026
Cache sync 67 at Thu Apr 30 18:16:06 UTC 2026
Cache sync 68 at Thu Apr 30 18:16:06 UTC 2026
Cache sync 69 at Thu Apr 30 18:16:06 UTC 2026
Cache sync 70 at Thu Apr 30 18:16:06 UTC 2026
Cache sync 71 at Thu Apr 30 18:16:06 UTC 2026
Cache sync 72 at Thu Apr 30 18:16:06 UTC 2026
Cache sync 73 at Thu Apr 30 18:16:06 UTC 2026
Cache sync 74 at Thu Apr 30 18:16:06 UTC 2026
Cache sync 75 at Thu Apr 30 18:16:06 UTC 2026
Cache sync 76 at Thu Apr 30 18:16:06 UTC 2026
Cache sync 77 at Thu Apr 30 18:16:06 UTC 2026
Cache sync 78 at Thu Apr 30 18:16:06 UTC 2026
Cache sync 1 at Fri May  1 18:03:55 UTC 2026
Cache sync 2 at Fri May  1 18:03:55 UTC 2026
Cache sync 3 at Fri May  1 18:03:55 UTC 2026
Cache sync 4 at Fri May  1 18:03:55 UTC 2026
Cache sync 5 at Fri May  1 18:03:55 UTC 2026
Cache sync 6 at Fri May  1 18:03:55 UTC 2026
Cache sync 7 at Fri May  1 18:03:55 UTC 2026
Cache sync 8 at Fri May  1 18:03:55 UTC 2026
Cache sync 9 at Fri May  1 18:03:55 UTC 2026
Cache sync 10 at Fri May  1 18:03:55 UTC 2026
Cache sync 11 at Fri May  1 18:03:55 UTC 2026
Cache sync 12 at Fri May  1 18:03:55 UTC 2026
Cache sync 13 at Fri May  1 18:03:56 UTC 2026
Cache sync 14 at Fri May  1 18:03:56 UTC 2026
Cache sync 15 at Fri May  1 18:03:56 UTC 2026
Cache sync 16 at Fri May  1 18:03:56 UTC 2026
Cache sync 17 at Fri May  1 18:03:56 UTC 2026
Cache sync 18 at Fri May  1 18:03:56 UTC 2026
Cache sync 19 at Fri May  1 18:03:56 UTC 2026
Cache sync 20 at Fri May  1 18:03:56 UTC 2026
Cache sync 21 at Fri May  1 18:03:56 UTC 2026
Cache sync 22 at Fri May  1 18:03:56 UTC 2026
Cache sync 23 at Fri May  1 18:03:56 UTC 2026
Cache sync 24 at Fri May  1 18:03:56 UTC 2026
Cache sync 25 at Fri May  1 18:03:56 UTC 2026
Cache sync 26 at Fri May  1 18:03:56 UTC 2026
Cache sync 27 at Fri May  1 18:03:56 UTC 2026
Cache sync 28 at Fri May  1 18:03:56 UTC 2026
Cache sync 29 at Fri May  1 18:03:56 UTC 2026
Cache sync 30 at Fri May  1 18:03:56 UTC 2026
Cache sync 31 at Fri May  1 18:03:56 UTC 2026
Cache sync 32 at Fri May  1 18:03:56 UTC 2026
Cache sync 33 at Fri May  1 18:03:56 UTC 2026
Cache sync 34 at Fri May  1 18:03:56 UTC 2026
Cache sync 35 at Fri May  1 18:03:56 UTC 2026
Cache sync 36 at Fri May  1 18:03:56 UTC 2026
Cache sync 37 at Fri May  1 18:03:56 UTC 2026
Cache sync 38 at Fri May  1 18:03:56 UTC 2026
Cache sync 39 at Fri May  1 18:03:56 UTC 2026
Cache sync 1 at Sat May  2 17:51:45 UTC 2026
Cache sync 2 at Sat May  2 17:51:45 UTC 2026
Cache sync 3 at Sat May  2 17:51:45 UTC 2026
Cache sync 4 at Sat May  2 17:51:45 UTC 2026
Cache sync 5 at Sat May  2 17:51:45 UTC 2026
Cache sync 6 at Sat May  2 17:51:45 UTC 2026
Cache sync 7 at Sat May  2 17:51:45 UTC 2026
Cache sync 8 at Sat May  2 17:51:45 UTC 2026
Cache sync 9 at Sat May  2 17:51:45 UTC 2026
Cache sync 10 at Sat May  2 17:51:45 UTC 2026
Cache sync 11 at Sat May  2 17:51:45 UTC 2026
Cache sync 12 at Sat May  2 17:51:45 UTC 2026
Cache sync 13 at Sat May  2 17:51:45 UTC 2026
Cache sync 14 at Sat May  2 17:51:45 UTC 2026
Cache sync 15 at Sat May  2 17:51:45 UTC 2026
Cache sync 16 at Sat May  2 17:51:45 UTC 2026
Cache sync 17 at Sat May  2 17:51:45 UTC 2026
Cache sync 18 at Sat May  2 17:51:45 UTC 2026
Cache sync 19 at Sat May  2 17:51:45 UTC 2026
Cache sync 20 at Sat May  2 17:51:45 UTC 2026
Cache sync 21 at Sat May  2 17:51:45 UTC 2026
Cache sync 22 at Sat May  2 17:51:45 UTC 2026
Cache sync 23 at Sat May  2 17:51:45 UTC 2026
Cache sync 24 at Sat May  2 17:51:45 UTC 2026
Cache sync 25 at Sat May  2 17:51:45 UTC 2026
Cache sync 26 at Sat May  2 17:51:45 UTC 2026
Cache sync 27 at Sat May  2 17:51:45 UTC 2026
Cache sync 28 at Sat May  2 17:51:45 UTC 2026
Cache sync 29 at Sat May  2 17:51:45 UTC 2026
Cache sync 30 at Sat May  2 17:51:45 UTC 2026
Cache sync 31 at Sat May  2 17:51:45 UTC 2026
Cache sync 32 at Sat May  2 17:51:45 UTC 2026
Cache sync 33 at Sat May  2 17:51:45 UTC 2026
Cache sync 34 at Sat May  2 17:51:45 UTC 2026
Cache sync 35 at Sat May  2 17:51:45 UTC 2026
Cache sync 36 at Sat May  2 17:51:45 UTC 2026
Cache sync 37 at Sat May  2 17:51:45 UTC 2026
Cache sync 38 at Sat May  2 17:51:45 UTC 2026
Cache sync 39 at Sat May  2 17:51:45 UTC 2026
Cache sync 40 at Sat May  2 17:51:45 UTC 2026
Cache sync 41 at Sat May  2 17:51:45 UTC 2026
Cache sync 42 at Sat May  2 17:51:45 UTC 2026
Cache sync 43 at Sat May  2 17:51:45 UTC 2026
Cache sync 44 at Sat May  2 17:51:45 UTC 2026
Cache sync 45 at Sat May  2 17:51:45 UTC 2026
Cache sync 46 at Sat May  2 17:51:45 UTC 2026
Cache sync 47 at Sat May  2 17:51:45 UTC 2026
Cache sync 48 at Sat May  2 17:51:45 UTC 2026
Cache sync 49 at Sat May  2 17:51:45 UTC 2026
Cache sync 50 at Sat May  2 17:51:45 UTC 2026
Cache sync 51 at Sat May  2 17:51:45 UTC 2026
Cache sync 52 at Sat May  2 17:51:45 UTC 2026
Cache sync 53 at Sat May  2 17:51:45 UTC 2026
Cache sync 54 at Sat May  2 17:51:45 UTC 2026
Cache sync 55 at Sat May  2 17:51:45 UTC 2026
Cache sync 56 at Sat May  2 17:51:45 UTC 2026
Cache sync 57 at Sat May  2 17:51:45 UTC 2026
Cache sync 58 at Sat May  2 17:51:45 UTC 2026
Cache sync 59 at Sat May  2 17:51:45 UTC 2026
Cache sync 60 at Sat May  2 17:51:45 UTC 2026
Cache sync 61 at Sat May  2 17:51:45 UTC 2026
Cache sync 62 at Sat May  2 17:51:45 UTC 2026
Cache sync 63 at Sat May  2 17:51:45 UTC 2026
Cache sync 64 at Sat May  2 17:51:45 UTC 2026
Cache sync 65 at Sat May  2 17:51:45 UTC 2026
Cache sync 66 at Sat May  2 17:51:45 UTC 2026
Cache sync 67 at Sat May  2 17:51:45 UTC 2026
Cache sync 68 at Sat May  2 17:51:45 UTC 2026
Cache sync 69 at Sat May  2 17:51:45 UTC 2026
Cache sync 70 at Sat May  2 17:51:45 UTC 2026
Cache sync 71 at Sat May  2 17:51:45 UTC 2026
Cache sync 72 at Sat May  2 17:51:45 UTC 2026
Cache sync 73 at Sat May  2 17:51:45 UTC 2026
Cache sync 74 at Sat May  2 17:51:45 UTC 2026
Cache sync 75 at Sat May  2 17:51:45 UTC 2026
Cache sync 76 at Sat May  2 17:51:45 UTC 2026
Cache sync 77 at Sat May  2 17:51:45 UTC 2026
Cache sync 78 at Sat May  2 17:51:45 UTC 2026
Cache sync 1 at Sun May  3 17:52:16 UTC 2026
Cache sync 2 at Sun May  3 17:52:16 UTC 2026
Cache sync 3 at Sun May  3 17:52:16 UTC 2026
Cache sync 4 at Sun May  3 17:52:16 UTC 2026
Cache sync 5 at Sun May  3 17:52:16 UTC 2026
Cache sync 6 at Sun May  3 17:52:16 UTC 2026
Cache sync 7 at Sun May  3 17:52:16 UTC 2026
Cache sync 8 at Sun May  3 17:52:16 UTC 2026
Cache sync 9 at Sun May  3 17:52:16 UTC 2026
Cache sync 10 at Sun May  3 17:52:17 UTC 2026
Cache sync 11 at Sun May  3 17:52:17 UTC 2026
Cache sync 12 at Sun May  3 17:52:17 UTC 2026
Cache sync 13 at Sun May  3 17:52:17 UTC 2026
Cache sync 14 at Sun May  3 17:52:17 UTC 2026
Cache sync 15 at Sun May  3 17:52:17 UTC 2026
Cache sync 16 at Sun May  3 17:52:17 UTC 2026
Cache sync 17 at Sun May  3 17:52:17 UTC 2026
Cache sync 18 at Sun May  3 17:52:17 UTC 2026
Cache sync 19 at Sun May  3 17:52:17 UTC 2026
Cache sync 20 at Sun May  3 17:52:17 UTC 2026
Cache sync 21 at Sun May  3 17:52:17 UTC 2026
Cache sync 22 at Sun May  3 17:52:17 UTC 2026
Cache sync 23 at Sun May  3 17:52:17 UTC 2026
Cache sync 24 at Sun May  3 17:52:17 UTC 2026
Cache sync 25 at Sun May  3 17:52:17 UTC 2026
Cache sync 26 at Sun May  3 17:52:17 UTC 2026
Cache sync 27 at Sun May  3 17:52:17 UTC 2026
Cache sync 28 at Sun May  3 17:52:17 UTC 2026
Cache sync 29 at Sun May  3 17:52:17 UTC 2026
Cache sync 30 at Sun May  3 17:52:17 UTC 2026
Cache sync 31 at Sun May  3 17:52:17 UTC 2026
Cache sync 32 at Sun May  3 17:52:17 UTC 2026
Cache sync 33 at Sun May  3 17:52:17 UTC 2026
Cache sync 34 at Sun May  3 17:52:17 UTC 2026
Cache sync 1 at Mon May  4 18:21:01 UTC 2026
Cache sync 2 at Mon May  4 18:21:01 UTC 2026
Cache sync 3 at Mon May  4 18:21:01 UTC 2026
Cache sync 4 at Mon May  4 18:21:01 UTC 2026
Cache sync 5 at Mon May  4 18:21:01 UTC 2026
Cache sync 6 at Mon May  4 18:21:01 UTC 2026
Cache sync 7 at Mon May  4 18:21:01 UTC 2026
Cache sync 8 at Mon May  4 18:21:01 UTC 2026
Cache sync 9 at Mon May  4 18:21:01 UTC 2026
Cache sync 10 at Mon May  4 18:21:01 UTC 2026
Cache sync 11 at Mon May  4 18:21:01 UTC 2026
Cache sync 12 at Mon May  4 18:21:01 UTC 2026
Cache sync 13 at Mon May  4 18:21:01 UTC 2026
Cache sync 14 at Mon May  4 18:21:01 UTC 2026
Cache sync 15 at Mon May  4 18:21:01 UTC 2026
Cache sync 16 at Mon May  4 18:21:01 UTC 2026
Cache sync 17 at Mon May  4 18:21:01 UTC 2026
Cache sync 18 at Mon May  4 18:21:01 UTC 2026
Cache sync 19 at Mon May  4 18:21:01 UTC 2026
Cache sync 1 at Tue May  5 18:15:58 UTC 2026
Cache sync 2 at Tue May  5 18:15:58 UTC 2026
Cache sync 3 at Tue May  5 18:15:58 UTC 2026
Cache sync 4 at Tue May  5 18:15:58 UTC 2026
Cache sync 5 at Tue May  5 18:15:58 UTC 2026
Cache sync 6 at Tue May  5 18:15:58 UTC 2026
Cache sync 7 at Tue May  5 18:15:58 UTC 2026
Cache sync 8 at Tue May  5 18:15:58 UTC 2026
Cache sync 9 at Tue May  5 18:15:58 UTC 2026
Cache sync 10 at Tue May  5 18:15:58 UTC 2026
Cache sync 11 at Tue May  5 18:15:58 UTC 2026
Cache sync 12 at Tue May  5 18:15:58 UTC 2026
Cache sync 13 at Tue May  5 18:15:58 UTC 2026
Cache sync 14 at Tue May  5 18:15:58 UTC 2026
Cache sync 15 at Tue May  5 18:15:58 UTC 2026
Cache sync 16 at Tue May  5 18:15:58 UTC 2026
Cache sync 17 at Tue May  5 18:15:58 UTC 2026
Cache sync 18 at Tue May  5 18:15:58 UTC 2026
Cache sync 19 at Tue May  5 18:15:58 UTC 2026
Cache sync 20 at Tue May  5 18:15:58 UTC 2026
Cache sync 21 at Tue May  5 18:15:58 UTC 2026
Cache sync 22 at Tue May  5 18:15:58 UTC 2026
Cache sync 23 at Tue May  5 18:15:58 UTC 2026
Cache sync 24 at Tue May  5 18:15:58 UTC 2026
Cache sync 25 at Tue May  5 18:15:58 UTC 2026
Cache sync 26 at Tue May  5 18:15:58 UTC 2026
Cache sync 27 at Tue May  5 18:15:58 UTC 2026
Cache sync 28 at Tue May  5 18:15:58 UTC 2026
Cache sync 29 at Tue May  5 18:15:58 UTC 2026
Cache sync 30 at Tue May  5 18:15:58 UTC 2026
Cache sync 31 at Tue May  5 18:15:58 UTC 2026
Cache sync 32 at Tue May  5 18:15:58 UTC 2026
Cache sync 33 at Tue May  5 18:15:58 UTC 2026
Cache sync 34 at Tue May  5 18:15:58 UTC 2026
Cache sync 35 at Tue May  5 18:15:58 UTC 2026
Cache sync 36 at Tue May  5 18:15:58 UTC 2026
Cache sync 37 at Tue May  5 18:15:58 UTC 2026
Cache sync 38 at Tue May  5 18:15:58 UTC 2026
Cache sync 1 at Wed May  6 18:23:25 UTC 2026
Cache sync 2 at Wed May  6 18:23:25 UTC 2026
Cache sync 3 at Wed May  6 18:23:25 UTC 2026
Cache sync 4 at Wed May  6 18:23:25 UTC 2026
Cache sync 5 at Wed May  6 18:23:25 UTC 2026
Cache sync 6 at Wed May  6 18:23:25 UTC 2026
Cache sync 7 at Wed May  6 18:23:25 UTC 2026
Cache sync 8 at Wed May  6 18:23:25 UTC 2026
Cache sync 9 at Wed May  6 18:23:25 UTC 2026
Cache sync 10 at Wed May  6 18:23:25 UTC 2026
Cache sync 11 at Wed May  6 18:23:25 UTC 2026
Cache sync 12 at Wed May  6 18:23:25 UTC 2026
Cache sync 13 at Wed May  6 18:23:25 UTC 2026
Cache sync 14 at Wed May  6 18:23:25 UTC 2026
Cache sync 15 at Wed May  6 18:23:25 UTC 2026
Cache sync 16 at Wed May  6 18:23:25 UTC 2026
Cache sync 17 at Wed May  6 18:23:25 UTC 2026
Cache sync 18 at Wed May  6 18:23:25 UTC 2026
Cache sync 19 at Wed May  6 18:23:25 UTC 2026
Cache sync 20 at Wed May  6 18:23:25 UTC 2026
Cache sync 21 at Wed May  6 18:23:25 UTC 2026
Cache sync 22 at Wed May  6 18:23:25 UTC 2026
Cache sync 23 at Wed May  6 18:23:25 UTC 2026
Cache sync 24 at Wed May  6 18:23:25 UTC 2026
Cache sync 25 at Wed May  6 18:23:25 UTC 2026
Cache sync 26 at Wed May  6 18:23:25 UTC 2026
Cache sync 27 at Wed May  6 18:23:25 UTC 2026
Cache sync 28 at Wed May  6 18:23:25 UTC 2026
Cache sync 29 at Wed May  6 18:23:25 UTC 2026
Cache sync 30 at Wed May  6 18:23:25 UTC 2026
Cache sync 31 at Wed May  6 18:23:25 UTC 2026
Cache sync 32 at Wed May  6 18:23:25 UTC 2026
Cache sync 33 at Wed May  6 18:23:25 UTC 2026
Cache sync 34 at Wed May  6 18:23:25 UTC 2026
Cache sync 35 at Wed May  6 18:23:25 UTC 2026
Cache sync 1 at Thu May  7 18:48:53 UTC 2026
Cache sync 2 at Thu May  7 18:48:53 UTC 2026
Cache sync 3 at Thu May  7 18:48:53 UTC 2026
Cache sync 4 at Thu May  7 18:48:53 UTC 2026
Cache sync 5 at Thu May  7 18:48:53 UTC 2026
Cache sync 6 at Thu May  7 18:48:53 UTC 2026
Cache sync 7 at Thu May  7 18:48:53 UTC 2026
Cache sync 8 at Thu May  7 18:48:53 UTC 2026
Cache sync 9 at Thu May  7 18:48:53 UTC 2026
Cache sync 10 at Thu May  7 18:48:53 UTC 2026
Cache sync 11 at Thu May  7 18:48:53 UTC 2026
Cache sync 12 at Thu May  7 18:48:53 UTC 2026
Cache sync 13 at Thu May  7 18:48:53 UTC 2026
Cache sync 14 at Thu May  7 18:48:54 UTC 2026
Cache sync 15 at Thu May  7 18:48:54 UTC 2026
Cache sync 16 at Thu May  7 18:48:54 UTC 2026
Cache sync 17 at Thu May  7 18:48:54 UTC 2026
Cache sync 18 at Thu May  7 18:48:54 UTC 2026
Cache sync 19 at Thu May  7 18:48:54 UTC 2026
Cache sync 20 at Thu May  7 18:48:54 UTC 2026
Cache sync 21 at Thu May  7 18:48:54 UTC 2026
Cache sync 22 at Thu May  7 18:48:54 UTC 2026
Cache sync 23 at Thu May  7 18:48:54 UTC 2026
Cache sync 24 at Thu May  7 18:48:54 UTC 2026
Cache sync 25 at Thu May  7 18:48:54 UTC 2026
Cache sync 26 at Thu May  7 18:48:54 UTC 2026
Cache sync 27 at Thu May  7 18:48:54 UTC 2026
Cache sync 28 at Thu May  7 18:48:54 UTC 2026
Cache sync 29 at Thu May  7 18:48:54 UTC 2026
Cache sync 30 at Thu May  7 18:48:54 UTC 2026
Cache sync 31 at Thu May  7 18:48:54 UTC 2026
Cache sync 32 at Thu May  7 18:48:54 UTC 2026
Cache sync 33 at Thu May  7 18:48:54 UTC 2026
Cache sync 34 at Thu May  7 18:48:54 UTC 2026
Cache sync 35 at Thu May  7 18:48:54 UTC 2026
Cache sync 36 at Thu May  7 18:48:54 UTC 2026
Cache sync 37 at Thu May  7 18:48:54 UTC 2026
Cache sync 38 at Thu May  7 18:48:54 UTC 2026
Cache sync 39 at Thu May  7 18:48:54 UTC 2026
Cache sync 40 at Thu May  7 18:48:54 UTC 2026
Cache sync 41 at Thu May  7 18:48:54 UTC 2026
Cache sync 42 at Thu May  7 18:48:54 UTC 2026
Cache sync 43 at Thu May  7 18:48:54 UTC 2026
Cache sync 44 at Thu May  7 18:48:54 UTC 2026
Cache sync 45 at Thu May  7 18:48:54 UTC 2026
Cache sync 46 at Thu May  7 18:48:54 UTC 2026
Cache sync 47 at Thu May  7 18:48:54 UTC 2026
Cache sync 48 at Thu May  7 18:48:54 UTC 2026
Cache sync 49 at Thu May  7 18:48:54 UTC 2026
Cache sync 50 at Thu May  7 18:48:54 UTC 2026
Cache sync 51 at Thu May  7 18:48:54 UTC 2026
Cache sync 52 at Thu May  7 18:48:54 UTC 2026
Cache sync 53 at Thu May  7 18:48:54 UTC 2026
Cache sync 54 at Thu May  7 18:48:54 UTC 2026
Cache sync 55 at Thu May  7 18:48:54 UTC 2026
Cache sync 56 at Thu May  7 18:48:54 UTC 2026
Cache sync 57 at Thu May  7 18:48:54 UTC 2026
Cache sync 58 at Thu May  7 18:48:54 UTC 2026
Cache sync 59 at Thu May  7 18:48:54 UTC 2026
Cache sync 60 at Thu May  7 18:48:54 UTC 2026
Cache sync 61 at Thu May  7 18:48:54 UTC 2026
Cache sync 62 at Thu May  7 18:48:54 UTC 2026
Cache sync 63 at Thu May  7 18:48:54 UTC 2026
Cache sync 64 at Thu May  7 18:48:54 UTC 2026
Cache sync 65 at Thu May  7 18:48:54 UTC 2026
Cache sync 66 at Thu May  7 18:48:54 UTC 2026
Cache sync 67 at Thu May  7 18:48:54 UTC 2026
Cache sync 68 at Thu May  7 18:48:54 UTC 2026
Cache sync 69 at Thu May  7 18:48:54 UTC 2026
Cache sync 70 at Thu May  7 18:48:54 UTC 2026
Cache sync 71 at Thu May  7 18:48:54 UTC 2026
Cache sync 72 at Thu May  7 18:48:54 UTC 2026
Cache sync 73 at Thu May  7 18:48:54 UTC 2026
Cache sync 74 at Thu May  7 18:48:54 UTC 2026
Cache sync 75 at Thu May  7 18:48:54 UTC 2026
Cache sync 76 at Thu May  7 18:48:54 UTC 2026
Cache sync 77 at Thu May  7 18:48:54 UTC 2026
Cache sync 78 at Thu May  7 18:48:54 UTC 2026
Cache sync 79 at Thu May  7 18:48:54 UTC 2026
Cache sync 80 at Thu May  7 18:48:55 UTC 2026
Cache sync 81 at Thu May  7 18:48:55 UTC 2026
Cache sync 82 at Thu May  7 18:48:55 UTC 2026
Cache sync 83 at Thu May  7 18:48:55 UTC 2026
Cache sync 84 at Thu May  7 18:48:55 UTC 2026
Cache sync 1 at Fri May  8 18:15:15 UTC 2026
Cache sync 2 at Fri May  8 18:15:15 UTC 2026
Cache sync 3 at Fri May  8 18:15:15 UTC 2026
Cache sync 4 at Fri May  8 18:15:15 UTC 2026
Cache sync 5 at Fri May  8 18:15:15 UTC 2026
Cache sync 6 at Fri May  8 18:15:15 UTC 2026
Cache sync 7 at Fri May  8 18:15:15 UTC 2026
Cache sync 8 at Fri May  8 18:15:15 UTC 2026
Cache sync 9 at Fri May  8 18:15:15 UTC 2026
Cache sync 10 at Fri May  8 18:15:15 UTC 2026
Cache sync 11 at Fri May  8 18:15:15 UTC 2026
Cache sync 12 at Fri May  8 18:15:15 UTC 2026
Cache sync 13 at Fri May  8 18:15:15 UTC 2026
Cache sync 14 at Fri May  8 18:15:15 UTC 2026
Cache sync 15 at Fri May  8 18:15:15 UTC 2026
Cache sync 16 at Fri May  8 18:15:15 UTC 2026
Cache sync 17 at Fri May  8 18:15:15 UTC 2026
Cache sync 18 at Fri May  8 18:15:15 UTC 2026
Cache sync 19 at Fri May  8 18:15:15 UTC 2026
Cache sync 20 at Fri May  8 18:15:15 UTC 2026
Cache sync 21 at Fri May  8 18:15:15 UTC 2026
Cache sync 22 at Fri May  8 18:15:15 UTC 2026
Cache sync 23 at Fri May  8 18:15:15 UTC 2026
Cache sync 24 at Fri May  8 18:15:15 UTC 2026
Cache sync 25 at Fri May  8 18:15:15 UTC 2026
Cache sync 26 at Fri May  8 18:15:15 UTC 2026
Cache sync 27 at Fri May  8 18:15:15 UTC 2026
Cache sync 28 at Fri May  8 18:15:15 UTC 2026
Cache sync 29 at Fri May  8 18:15:15 UTC 2026
Cache sync 30 at Fri May  8 18:15:15 UTC 2026
Cache sync 31 at Fri May  8 18:15:15 UTC 2026
Cache sync 32 at Fri May  8 18:15:15 UTC 2026
Cache sync 33 at Fri May  8 18:15:15 UTC 2026
Cache sync 34 at Fri May  8 18:15:15 UTC 2026
Cache sync 35 at Fri May  8 18:15:15 UTC 2026
Cache sync 36 at Fri May  8 18:15:15 UTC 2026
Cache sync 37 at Fri May  8 18:15:15 UTC 2026
Cache sync 38 at Fri May  8 18:15:15 UTC 2026
Cache sync 39 at Fri May  8 18:15:15 UTC 2026
Cache sync 40 at Fri May  8 18:15:15 UTC 2026
Cache sync 41 at Fri May  8 18:15:15 UTC 2026
Cache sync 42 at Fri May  8 18:15:15 UTC 2026
Cache sync 43 at Fri May  8 18:15:15 UTC 2026
Cache sync 44 at Fri May  8 18:15:15 UTC 2026
Cache sync 45 at Fri May  8 18:15:15 UTC 2026
Cache sync 46 at Fri May  8 18:15:15 UTC 2026
Cache sync 47 at Fri May  8 18:15:15 UTC 2026
Cache sync 48 at Fri May  8 18:15:15 UTC 2026
Cache sync 49 at Fri May  8 18:15:15 UTC 2026
Cache sync 50 at Fri May  8 18:15:15 UTC 2026
Cache sync 51 at Fri May  8 18:15:15 UTC 2026
Cache sync 52 at Fri May  8 18:15:15 UTC 2026
Cache sync 53 at Fri May  8 18:15:15 UTC 2026
Cache sync 54 at Fri May  8 18:15:15 UTC 2026
Cache sync 55 at Fri May  8 18:15:15 UTC 2026
Cache sync 56 at Fri May  8 18:15:15 UTC 2026
Cache sync 57 at Fri May  8 18:15:15 UTC 2026
Cache sync 58 at Fri May  8 18:15:15 UTC 2026
Cache sync 59 at Fri May  8 18:15:15 UTC 2026
Cache sync 60 at Fri May  8 18:15:15 UTC 2026
Cache sync 61 at Fri May  8 18:15:15 UTC 2026
Cache sync 62 at Fri May  8 18:15:15 UTC 2026
Cache sync 63 at Fri May  8 18:15:15 UTC 2026
Cache sync 64 at Fri May  8 18:15:15 UTC 2026
Cache sync 65 at Fri May  8 18:15:15 UTC 2026
Cache sync 66 at Fri May  8 18:15:15 UTC 2026
Cache sync 67 at Fri May  8 18:15:15 UTC 2026
Cache sync 68 at Fri May  8 18:15:15 UTC 2026
Cache sync 69 at Fri May  8 18:15:15 UTC 2026
Cache sync 70 at Fri May  8 18:15:15 UTC 2026
Cache sync 71 at Fri May  8 18:15:15 UTC 2026
Cache sync 72 at Fri May  8 18:15:15 UTC 2026
Cache sync 73 at Fri May  8 18:15:15 UTC 2026
Cache sync 74 at Fri May  8 18:15:15 UTC 2026
Cache sync 75 at Fri May  8 18:15:15 UTC 2026
Cache sync 76 at Fri May  8 18:15:15 UTC 2026
Cache sync 77 at Fri May  8 18:15:15 UTC 2026
Cache sync 78 at Fri May  8 18:15:15 UTC 2026
Cache sync 79 at Fri May  8 18:15:16 UTC 2026
Cache sync 80 at Fri May  8 18:15:16 UTC 2026
Cache sync 81 at Fri May  8 18:15:16 UTC 2026
Cache sync 82 at Fri May  8 18:15:16 UTC 2026
Cache sync 83 at Fri May  8 18:15:16 UTC 2026
Cache sync 84 at Fri May  8 18:15:16 UTC 2026
Cache sync 85 at Fri May  8 18:15:16 UTC 2026
Cache sync 1 at Sat May  9 17:55:01 UTC 2026
Cache sync 2 at Sat May  9 17:55:01 UTC 2026
Cache sync 3 at Sat May  9 17:55:01 UTC 2026
Cache sync 4 at Sat May  9 17:55:01 UTC 2026
Cache sync 5 at Sat May  9 17:55:01 UTC 2026
Cache sync 6 at Sat May  9 17:55:01 UTC 2026
Cache sync 7 at Sat May  9 17:55:01 UTC 2026
Cache sync 8 at Sat May  9 17:55:01 UTC 2026
Cache sync 9 at Sat May  9 17:55:01 UTC 2026
Cache sync 10 at Sat May  9 17:55:01 UTC 2026
Cache sync 11 at Sat May  9 17:55:01 UTC 2026
Cache sync 12 at Sat May  9 17:55:01 UTC 2026
Cache sync 13 at Sat May  9 17:55:01 UTC 2026
Cache sync 14 at Sat May  9 17:55:01 UTC 2026
Cache sync 15 at Sat May  9 17:55:01 UTC 2026
Cache sync 16 at Sat May  9 17:55:01 UTC 2026
Cache sync 17 at Sat May  9 17:55:01 UTC 2026
Cache sync 18 at Sat May  9 17:55:01 UTC 2026
Cache sync 19 at Sat May  9 17:55:01 UTC 2026
Cache sync 1 at Sun May 10 17:56:46 UTC 2026
Cache sync 2 at Sun May 10 17:56:46 UTC 2026
Cache sync 3 at Sun May 10 17:56:46 UTC 2026
Cache sync 4 at Sun May 10 17:56:46 UTC 2026
Cache sync 5 at Sun May 10 17:56:46 UTC 2026
Cache sync 6 at Sun May 10 17:56:46 UTC 2026
Cache sync 7 at Sun May 10 17:56:46 UTC 2026
Cache sync 8 at Sun May 10 17:56:46 UTC 2026
Cache sync 9 at Sun May 10 17:56:46 UTC 2026
Cache sync 10 at Sun May 10 17:56:46 UTC 2026
Cache sync 11 at Sun May 10 17:56:46 UTC 2026
Cache sync 12 at Sun May 10 17:56:46 UTC 2026
Cache sync 13 at Sun May 10 17:56:46 UTC 2026
Cache sync 14 at Sun May 10 17:56:46 UTC 2026
Cache sync 15 at Sun May 10 17:56:46 UTC 2026
Cache sync 16 at Sun May 10 17:56:46 UTC 2026
Cache sync 17 at Sun May 10 17:56:46 UTC 2026
Cache sync 18 at Sun May 10 17:56:46 UTC 2026
Cache sync 19 at Sun May 10 17:56:46 UTC 2026
Cache sync 20 at Sun May 10 17:56:46 UTC 2026
Cache sync 21 at Sun May 10 17:56:46 UTC 2026
Cache sync 22 at Sun May 10 17:56:46 UTC 2026
Cache sync 23 at Sun May 10 17:56:46 UTC 2026
Cache sync 24 at Sun May 10 17:56:46 UTC 2026
Cache sync 25 at Sun May 10 17:56:46 UTC 2026
Cache sync 26 at Sun May 10 17:56:46 UTC 2026
Cache sync 27 at Sun May 10 17:56:46 UTC 2026
Cache sync 28 at Sun May 10 17:56:46 UTC 2026
Cache sync 29 at Sun May 10 17:56:46 UTC 2026
Cache sync 30 at Sun May 10 17:56:46 UTC 2026
Cache sync 31 at Sun May 10 17:56:46 UTC 2026
Cache sync 32 at Sun May 10 17:56:46 UTC 2026
Cache sync 33 at Sun May 10 17:56:46 UTC 2026
Cache sync 34 at Sun May 10 17:56:46 UTC 2026
Cache sync 35 at Sun May 10 17:56:46 UTC 2026
Cache sync 36 at Sun May 10 17:56:46 UTC 2026
Cache sync 37 at Sun May 10 17:56:46 UTC 2026
Cache sync 38 at Sun May 10 17:56:46 UTC 2026
Cache sync 39 at Sun May 10 17:56:46 UTC 2026
Cache sync 40 at Sun May 10 17:56:46 UTC 2026
Cache sync 41 at Sun May 10 17:56:46 UTC 2026
Cache sync 42 at Sun May 10 17:56:46 UTC 2026
Cache sync 43 at Sun May 10 17:56:46 UTC 2026
Cache sync 44 at Sun May 10 17:56:46 UTC 2026
Cache sync 45 at Sun May 10 17:56:46 UTC 2026
Cache sync 46 at Sun May 10 17:56:46 UTC 2026
Cache sync 47 at Sun May 10 17:56:46 UTC 2026
Cache sync 48 at Sun May 10 17:56:46 UTC 2026
Cache sync 49 at Sun May 10 17:56:46 UTC 2026
Cache sync 50 at Sun May 10 17:56:46 UTC 2026
Cache sync 51 at Sun May 10 17:56:46 UTC 2026
Cache sync 52 at Sun May 10 17:56:46 UTC 2026
Cache sync 53 at Sun May 10 17:56:46 UTC 2026
Cache sync 54 at Sun May 10 17:56:46 UTC 2026
Cache sync 55 at Sun May 10 17:56:46 UTC 2026
Cache sync 56 at Sun May 10 17:56:46 UTC 2026
Cache sync 57 at Sun May 10 17:56:46 UTC 2026
Cache sync 58 at Sun May 10 17:56:46 UTC 2026
Cache sync 59 at Sun May 10 17:56:46 UTC 2026
Cache sync 60 at Sun May 10 17:56:46 UTC 2026
Cache sync 61 at Sun May 10 17:56:46 UTC 2026
Cache sync 62 at Sun May 10 17:56:46 UTC 2026
Cache sync 63 at Sun May 10 17:56:46 UTC 2026
Cache sync 64 at Sun May 10 17:56:46 UTC 2026
Cache sync 65 at Sun May 10 17:56:46 UTC 2026
Cache sync 66 at Sun May 10 17:56:46 UTC 2026
Cache sync 67 at Sun May 10 17:56:46 UTC 2026
Cache sync 68 at Sun May 10 17:56:46 UTC 2026
Cache sync 69 at Sun May 10 17:56:46 UTC 2026
Cache sync 70 at Sun May 10 17:56:46 UTC 2026
Cache sync 71 at Sun May 10 17:56:46 UTC 2026
Cache sync 72 at Sun May 10 17:56:46 UTC 2026
Cache sync 73 at Sun May 10 17:56:46 UTC 2026
Cache sync 74 at Sun May 10 17:56:46 UTC 2026
Cache sync 1 at Tue May 12 19:01:50 UTC 2026
Cache sync 2 at Tue May 12 19:01:50 UTC 2026
Cache sync 3 at Tue May 12 19:01:50 UTC 2026
Cache sync 4 at Tue May 12 19:01:50 UTC 2026
Cache sync 5 at Tue May 12 19:01:50 UTC 2026
Cache sync 6 at Tue May 12 19:01:50 UTC 2026
Cache sync 7 at Tue May 12 19:01:50 UTC 2026
Cache sync 8 at Tue May 12 19:01:50 UTC 2026
Cache sync 9 at Tue May 12 19:01:50 UTC 2026
Cache sync 10 at Tue May 12 19:01:50 UTC 2026
Cache sync 11 at Tue May 12 19:01:50 UTC 2026
Cache sync 1 at Wed May 13 19:00:31 UTC 2026
Cache sync 2 at Wed May 13 19:00:31 UTC 2026
Cache sync 3 at Wed May 13 19:00:31 UTC 2026
Cache sync 4 at Wed May 13 19:00:31 UTC 2026
Cache sync 5 at Wed May 13 19:00:31 UTC 2026
Cache sync 6 at Wed May 13 19:00:31 UTC 2026
Cache sync 7 at Wed May 13 19:00:31 UTC 2026
Cache sync 8 at Wed May 13 19:00:31 UTC 2026
Cache sync 9 at Wed May 13 19:00:31 UTC 2026
Cache sync 10 at Wed May 13 19:00:31 UTC 2026
Cache sync 11 at Wed May 13 19:00:31 UTC 2026
Cache sync 12 at Wed May 13 19:00:31 UTC 2026
Cache sync 13 at Wed May 13 19:00:31 UTC 2026
Cache sync 14 at Wed May 13 19:00:31 UTC 2026
Cache sync 15 at Wed May 13 19:00:31 UTC 2026
Cache sync 16 at Wed May 13 19:00:31 UTC 2026
Cache sync 17 at Wed May 13 19:00:31 UTC 2026
Cache sync 18 at Wed May 13 19:00:31 UTC 2026
Cache sync 19 at Wed May 13 19:00:31 UTC 2026
Cache sync 20 at Wed May 13 19:00:31 UTC 2026
Cache sync 21 at Wed May 13 19:00:31 UTC 2026
Cache sync 22 at Wed May 13 19:00:31 UTC 2026
Cache sync 23 at Wed May 13 19:00:31 UTC 2026
Cache sync 24 at Wed May 13 19:00:31 UTC 2026
Cache sync 25 at Wed May 13 19:00:31 UTC 2026
Cache sync 26 at Wed May 13 19:00:31 UTC 2026
Cache sync 27 at Wed May 13 19:00:31 UTC 2026
Cache sync 28 at Wed May 13 19:00:31 UTC 2026
Cache sync 29 at Wed May 13 19:00:31 UTC 2026
Cache sync 30 at Wed May 13 19:00:31 UTC 2026
Cache sync 31 at Wed May 13 19:00:31 UTC 2026
Cache sync 32 at Wed May 13 19:00:31 UTC 2026
Cache sync 33 at Wed May 13 19:00:31 UTC 2026
Cache sync 34 at Wed May 13 19:00:31 UTC 2026
Cache sync 35 at Wed May 13 19:00:31 UTC 2026
Cache sync 36 at Wed May 13 19:00:31 UTC 2026
Cache sync 37 at Wed May 13 19:00:31 UTC 2026
Cache sync 38 at Wed May 13 19:00:31 UTC 2026
Cache sync 39 at Wed May 13 19:00:31 UTC 2026
Cache sync 40 at Wed May 13 19:00:31 UTC 2026
Cache sync 41 at Wed May 13 19:00:31 UTC 2026
Cache sync 42 at Wed May 13 19:00:31 UTC 2026
Cache sync 43 at Wed May 13 19:00:31 UTC 2026
Cache sync 44 at Wed May 13 19:00:31 UTC 2026
Cache sync 45 at Wed May 13 19:00:31 UTC 2026
Cache sync 46 at Wed May 13 19:00:31 UTC 2026
Cache sync 47 at Wed May 13 19:00:31 UTC 2026
Cache sync 48 at Wed May 13 19:00:31 UTC 2026
Cache sync 49 at Wed May 13 19:00:31 UTC 2026
Cache sync 50 at Wed May 13 19:00:31 UTC 2026
Cache sync 51 at Wed May 13 19:00:31 UTC 2026
Cache sync 52 at Wed May 13 19:00:31 UTC 2026
Cache sync 53 at Wed May 13 19:00:31 UTC 2026
Cache sync 54 at Wed May 13 19:00:31 UTC 2026
Cache sync 55 at Wed May 13 19:00:31 UTC 2026
Cache sync 56 at Wed May 13 19:00:31 UTC 2026
Cache sync 57 at Wed May 13 19:00:31 UTC 2026
Cache sync 58 at Wed May 13 19:00:31 UTC 2026
Cache sync 59 at Wed May 13 19:00:31 UTC 2026
Cache sync 60 at Wed May 13 19:00:31 UTC 2026
Cache sync 61 at Wed May 13 19:00:31 UTC 2026
Cache sync 62 at Wed May 13 19:00:31 UTC 2026
Cache sync 63 at Wed May 13 19:00:31 UTC 2026
Cache sync 1 at Thu May 14 18:57:55 UTC 2026
Cache sync 2 at Thu May 14 18:57:55 UTC 2026
Cache sync 3 at Thu May 14 18:57:55 UTC 2026
Cache sync 4 at Thu May 14 18:57:55 UTC 2026
Cache sync 5 at Thu May 14 18:57:55 UTC 2026
Cache sync 6 at Thu May 14 18:57:55 UTC 2026
Cache sync 7 at Thu May 14 18:57:55 UTC 2026
Cache sync 8 at Thu May 14 18:57:55 UTC 2026
Cache sync 9 at Thu May 14 18:57:55 UTC 2026
Cache sync 10 at Thu May 14 18:57:55 UTC 2026
Cache sync 11 at Thu May 14 18:57:55 UTC 2026
Cache sync 12 at Thu May 14 18:57:55 UTC 2026
Cache sync 13 at Thu May 14 18:57:55 UTC 2026
Cache sync 14 at Thu May 14 18:57:55 UTC 2026
Cache sync 15 at Thu May 14 18:57:55 UTC 2026
Cache sync 16 at Thu May 14 18:57:55 UTC 2026
Cache sync 17 at Thu May 14 18:57:55 UTC 2026
Cache sync 18 at Thu May 14 18:57:55 UTC 2026
Cache sync 19 at Thu May 14 18:57:55 UTC 2026
Cache sync 20 at Thu May 14 18:57:55 UTC 2026
Cache sync 21 at Thu May 14 18:57:55 UTC 2026
Cache sync 22 at Thu May 14 18:57:55 UTC 2026
Cache sync 23 at Thu May 14 18:57:55 UTC 2026
Cache sync 24 at Thu May 14 18:57:55 UTC 2026
Cache sync 25 at Thu May 14 18:57:55 UTC 2026
Cache sync 26 at Thu May 14 18:57:55 UTC 2026
Cache sync 27 at Thu May 14 18:57:55 UTC 2026
Cache sync 28 at Thu May 14 18:57:55 UTC 2026
Cache sync 29 at Thu May 14 18:57:55 UTC 2026
Cache sync 30 at Thu May 14 18:57:55 UTC 2026
Cache sync 31 at Thu May 14 18:57:55 UTC 2026
Cache sync 32 at Thu May 14 18:57:55 UTC 2026
Cache sync 33 at Thu May 14 18:57:55 UTC 2026
Cache sync 34 at Thu May 14 18:57:55 UTC 2026
Cache sync 35 at Thu May 14 18:57:55 UTC 2026
Cache sync 36 at Thu May 14 18:57:55 UTC 2026
Cache sync 37 at Thu May 14 18:57:56 UTC 2026
Cache sync 38 at Thu May 14 18:57:56 UTC 2026
Cache sync 39 at Thu May 14 18:57:56 UTC 2026
Cache sync 40 at Thu May 14 18:57:56 UTC 2026
Cache sync 41 at Thu May 14 18:57:56 UTC 2026
Cache sync 42 at Thu May 14 18:57:56 UTC 2026
Cache sync 43 at Thu May 14 18:57:56 UTC 2026
Cache sync 44 at Thu May 14 18:57:56 UTC 2026
Cache sync 45 at Thu May 14 18:57:56 UTC 2026
Cache sync 46 at Thu May 14 18:57:56 UTC 2026
Cache sync 47 at Thu May 14 18:57:56 UTC 2026
Cache sync 48 at Thu May 14 18:57:56 UTC 2026
Cache sync 49 at Thu May 14 18:57:56 UTC 2026
Cache sync 50 at Thu May 14 18:57:56 UTC 2026
Cache sync 51 at Thu May 14 18:57:56 UTC 2026
Cache sync 52 at Thu May 14 18:57:56 UTC 2026
Cache sync 53 at Thu May 14 18:57:56 UTC 2026
Cache sync 54 at Thu May 14 18:57:56 UTC 2026
Cache sync 55 at Thu May 14 18:57:56 UTC 2026
Cache sync 56 at Thu May 14 18:57:56 UTC 2026
Cache sync 57 at Thu May 14 18:57:56 UTC 2026
Cache sync 58 at Thu May 14 18:57:56 UTC 2026
Cache sync 59 at Thu May 14 18:57:56 UTC 2026
Cache sync 60 at Thu May 14 18:57:56 UTC 2026
Cache sync 61 at Thu May 14 18:57:56 UTC 2026
Cache sync 62 at Thu May 14 18:57:56 UTC 2026
Cache sync 63 at Thu May 14 18:57:56 UTC 2026
Cache sync 64 at Thu May 14 18:57:56 UTC 2026
Cache sync 65 at Thu May 14 18:57:56 UTC 2026
Cache sync 66 at Thu May 14 18:57:56 UTC 2026
Cache sync 1 at Fri May 15 18:25:21 UTC 2026
Cache sync 2 at Fri May 15 18:25:21 UTC 2026
Cache sync 3 at Fri May 15 18:25:21 UTC 2026
Cache sync 4 at Fri May 15 18:25:21 UTC 2026
Cache sync 5 at Fri May 15 18:25:21 UTC 2026
Cache sync 6 at Fri May 15 18:25:21 UTC 2026
Cache sync 7 at Fri May 15 18:25:21 UTC 2026
Cache sync 8 at Fri May 15 18:25:22 UTC 2026
Cache sync 9 at Fri May 15 18:25:22 UTC 2026
Cache sync 10 at Fri May 15 18:25:22 UTC 2026
Cache sync 11 at Fri May 15 18:25:22 UTC 2026
Cache sync 12 at Fri May 15 18:25:22 UTC 2026
Cache sync 13 at Fri May 15 18:25:22 UTC 2026
Cache sync 14 at Fri May 15 18:25:22 UTC 2026
Cache sync 15 at Fri May 15 18:25:22 UTC 2026
Cache sync 16 at Fri May 15 18:25:22 UTC 2026
Cache sync 17 at Fri May 15 18:25:22 UTC 2026
Cache sync 1 at Sat May 16 17:58:33 UTC 2026
Cache sync 2 at Sat May 16 17:58:33 UTC 2026
Cache sync 3 at Sat May 16 17:58:33 UTC 2026
Cache sync 4 at Sat May 16 17:58:33 UTC 2026
Cache sync 5 at Sat May 16 17:58:33 UTC 2026
Cache sync 6 at Sat May 16 17:58:33 UTC 2026
Cache sync 7 at Sat May 16 17:58:33 UTC 2026
Cache sync 8 at Sat May 16 17:58:33 UTC 2026
Cache sync 9 at Sat May 16 17:58:33 UTC 2026
Cache sync 10 at Sat May 16 17:58:33 UTC 2026
Cache sync 11 at Sat May 16 17:58:33 UTC 2026
Cache sync 12 at Sat May 16 17:58:33 UTC 2026
Cache sync 13 at Sat May 16 17:58:33 UTC 2026
Cache sync 14 at Sat May 16 17:58:33 UTC 2026
Cache sync 15 at Sat May 16 17:58:33 UTC 2026
Cache sync 16 at Sat May 16 17:58:33 UTC 2026
Cache sync 17 at Sat May 16 17:58:33 UTC 2026
Cache sync 18 at Sat May 16 17:58:33 UTC 2026
Cache sync 1 at Sun May 17 18:01:54 UTC 2026
Cache sync 2 at Sun May 17 18:01:54 UTC 2026
Cache sync 3 at Sun May 17 18:01:54 UTC 2026
Cache sync 4 at Sun May 17 18:01:54 UTC 2026
Cache sync 5 at Sun May 17 18:01:54 UTC 2026
Cache sync 6 at Sun May 17 18:01:54 UTC 2026
Cache sync 7 at Sun May 17 18:01:54 UTC 2026
Cache sync 8 at Sun May 17 18:01:54 UTC 2026
Cache sync 9 at Sun May 17 18:01:54 UTC 2026
Cache sync 10 at Sun May 17 18:01:54 UTC 2026
Cache sync 11 at Sun May 17 18:01:54 UTC 2026
Cache sync 12 at Sun May 17 18:01:54 UTC 2026
Cache sync 13 at Sun May 17 18:01:54 UTC 2026
Cache sync 14 at Sun May 17 18:01:54 UTC 2026
Cache sync 15 at Sun May 17 18:01:54 UTC 2026
Cache sync 16 at Sun May 17 18:01:54 UTC 2026
Cache sync 17 at Sun May 17 18:01:54 UTC 2026
Cache sync 18 at Sun May 17 18:01:54 UTC 2026
Cache sync 19 at Sun May 17 18:01:54 UTC 2026
Cache sync 20 at Sun May 17 18:01:54 UTC 2026
Cache sync 21 at Sun May 17 18:01:54 UTC 2026
Cache sync 22 at Sun May 17 18:01:54 UTC 2026
Cache sync 23 at Sun May 17 18:01:54 UTC 2026
Cache sync 24 at Sun May 17 18:01:54 UTC 2026
Cache sync 25 at Sun May 17 18:01:54 UTC 2026
Cache sync 26 at Sun May 17 18:01:54 UTC 2026
Cache sync 27 at Sun May 17 18:01:54 UTC 2026
Cache sync 28 at Sun May 17 18:01:54 UTC 2026
Cache sync 29 at Sun May 17 18:01:54 UTC 2026
Cache sync 30 at Sun May 17 18:01:54 UTC 2026
Cache sync 31 at Sun May 17 18:01:54 UTC 2026
Cache sync 32 at Sun May 17 18:01:54 UTC 2026
Cache sync 33 at Sun May 17 18:01:54 UTC 2026
Cache sync 34 at Sun May 17 18:01:54 UTC 2026
Cache sync 35 at Sun May 17 18:01:54 UTC 2026
Cache sync 36 at Sun May 17 18:01:54 UTC 2026
Cache sync 37 at Sun May 17 18:01:54 UTC 2026
Cache sync 38 at Sun May 17 18:01:54 UTC 2026
Cache sync 39 at Sun May 17 18:01:54 UTC 2026
Cache sync 40 at Sun May 17 18:01:54 UTC 2026
Cache sync 41 at Sun May 17 18:01:54 UTC 2026
Cache sync 42 at Sun May 17 18:01:54 UTC 2026
Cache sync 43 at Sun May 17 18:01:54 UTC 2026
Cache sync 44 at Sun May 17 18:01:54 UTC 2026
Cache sync 45 at Sun May 17 18:01:54 UTC 2026
Cache sync 46 at Sun May 17 18:01:54 UTC 2026
Cache sync 1 at Mon May 18 18:55:44 UTC 2026
Cache sync 2 at Mon May 18 18:55:44 UTC 2026
Cache sync 3 at Mon May 18 18:55:44 UTC 2026
Cache sync 4 at Mon May 18 18:55:44 UTC 2026
Cache sync 5 at Mon May 18 18:55:44 UTC 2026
Cache sync 6 at Mon May 18 18:55:44 UTC 2026
Cache sync 7 at Mon May 18 18:55:44 UTC 2026
Cache sync 8 at Mon May 18 18:55:44 UTC 2026
Cache sync 9 at Mon May 18 18:55:44 UTC 2026
Cache sync 10 at Mon May 18 18:55:44 UTC 2026
Cache sync 11 at Mon May 18 18:55:44 UTC 2026
Cache sync 12 at Mon May 18 18:55:44 UTC 2026
Cache sync 13 at Mon May 18 18:55:44 UTC 2026
Cache sync 14 at Mon May 18 18:55:44 UTC 2026
Cache sync 15 at Mon May 18 18:55:44 UTC 2026
Cache sync 16 at Mon May 18 18:55:44 UTC 2026
Cache sync 17 at Mon May 18 18:55:44 UTC 2026
Cache sync 18 at Mon May 18 18:55:44 UTC 2026
Cache sync 19 at Mon May 18 18:55:44 UTC 2026
Cache sync 1 at Tue May 19 19:07:11 UTC 2026
Cache sync 2 at Tue May 19 19:07:11 UTC 2026
Cache sync 3 at Tue May 19 19:07:11 UTC 2026
Cache sync 4 at Tue May 19 19:07:11 UTC 2026
Cache sync 5 at Tue May 19 19:07:11 UTC 2026
Cache sync 6 at Tue May 19 19:07:11 UTC 2026
Cache sync 7 at Tue May 19 19:07:11 UTC 2026
Cache sync 8 at Tue May 19 19:07:11 UTC 2026
Cache sync 9 at Tue May 19 19:07:11 UTC 2026
Cache sync 10 at Tue May 19 19:07:11 UTC 2026
Cache sync 11 at Tue May 19 19:07:11 UTC 2026
Cache sync 12 at Tue May 19 19:07:11 UTC 2026
Cache sync 13 at Tue May 19 19:07:11 UTC 2026
Cache sync 14 at Tue May 19 19:07:11 UTC 2026
Cache sync 15 at Tue May 19 19:07:11 UTC 2026
Cache sync 16 at Tue May 19 19:07:11 UTC 2026
Cache sync 17 at Tue May 19 19:07:11 UTC 2026
Cache sync 18 at Tue May 19 19:07:11 UTC 2026
Cache sync 19 at Tue May 19 19:07:11 UTC 2026
Cache sync 20 at Tue May 19 19:07:11 UTC 2026
Cache sync 21 at Tue May 19 19:07:11 UTC 2026
Cache sync 22 at Tue May 19 19:07:11 UTC 2026
Cache sync 23 at Tue May 19 19:07:11 UTC 2026
Cache sync 24 at Tue May 19 19:07:11 UTC 2026
Cache sync 25 at Tue May 19 19:07:11 UTC 2026
Cache sync 26 at Tue May 19 19:07:11 UTC 2026
Cache sync 27 at Tue May 19 19:07:11 UTC 2026
Cache sync 28 at Tue May 19 19:07:11 UTC 2026
Cache sync 29 at Tue May 19 19:07:11 UTC 2026
Cache sync 30 at Tue May 19 19:07:11 UTC 2026
Cache sync 31 at Tue May 19 19:07:11 UTC 2026
Cache sync 32 at Tue May 19 19:07:11 UTC 2026
Cache sync 33 at Tue May 19 19:07:11 UTC 2026
Cache sync 34 at Tue May 19 19:07:11 UTC 2026
Cache sync 35 at Tue May 19 19:07:11 UTC 2026
Cache sync 36 at Tue May 19 19:07:11 UTC 2026
Cache sync 37 at Tue May 19 19:07:11 UTC 2026
Cache sync 38 at Tue May 19 19:07:11 UTC 2026
Cache sync 39 at Tue May 19 19:07:11 UTC 2026
Cache sync 40 at Tue May 19 19:07:11 UTC 2026
Cache sync 41 at Tue May 19 19:07:11 UTC 2026
Cache sync 42 at Tue May 19 19:07:11 UTC 2026
Cache sync 43 at Tue May 19 19:07:11 UTC 2026
Cache sync 1 at Wed May 20 19:30:25 UTC 2026
Cache sync 2 at Wed May 20 19:30:25 UTC 2026
Cache sync 3 at Wed May 20 19:30:25 UTC 2026
Cache sync 4 at Wed May 20 19:30:25 UTC 2026
Cache sync 5 at Wed May 20 19:30:25 UTC 2026
Cache sync 6 at Wed May 20 19:30:25 UTC 2026
Cache sync 7 at Wed May 20 19:30:25 UTC 2026
Cache sync 8 at Wed May 20 19:30:25 UTC 2026
Cache sync 9 at Wed May 20 19:30:25 UTC 2026
Cache sync 10 at Wed May 20 19:30:25 UTC 2026
Cache sync 11 at Wed May 20 19:30:25 UTC 2026
Cache sync 12 at Wed May 20 19:30:25 UTC 2026
Cache sync 13 at Wed May 20 19:30:25 UTC 2026
Cache sync 14 at Wed May 20 19:30:25 UTC 2026
Cache sync 15 at Wed May 20 19:30:25 UTC 2026
Cache sync 16 at Wed May 20 19:30:25 UTC 2026
Cache sync 17 at Wed May 20 19:30:25 UTC 2026
Cache sync 18 at Wed May 20 19:30:25 UTC 2026
Cache sync 19 at Wed May 20 19:30:26 UTC 2026
Cache sync 20 at Wed May 20 19:30:26 UTC 2026
Cache sync 21 at Wed May 20 19:30:26 UTC 2026
Cache sync 22 at Wed May 20 19:30:26 UTC 2026
Cache sync 23 at Wed May 20 19:30:26 UTC 2026
Cache sync 24 at Wed May 20 19:30:26 UTC 2026
Cache sync 25 at Wed May 20 19:30:26 UTC 2026
Cache sync 26 at Wed May 20 19:30:26 UTC 2026
Cache sync 27 at Wed May 20 19:30:26 UTC 2026
Cache sync 28 at Wed May 20 19:30:26 UTC 2026
Cache sync 29 at Wed May 20 19:30:26 UTC 2026
Cache sync 30 at Wed May 20 19:30:26 UTC 2026
Cache sync 31 at Wed May 20 19:30:26 UTC 2026
Cache sync 32 at Wed May 20 19:30:26 UTC 2026
Cache sync 33 at Wed May 20 19:30:26 UTC 2026
Cache sync 34 at Wed May 20 19:30:26 UTC 2026
Cache sync 35 at Wed May 20 19:30:26 UTC 2026
Cache sync 36 at Wed May 20 19:30:26 UTC 2026
Cache sync 37 at Wed May 20 19:30:26 UTC 2026
Cache sync 38 at Wed May 20 19:30:26 UTC 2026
Cache sync 39 at Wed May 20 19:30:26 UTC 2026
Cache sync 40 at Wed May 20 19:30:26 UTC 2026
Cache sync 41 at Wed May 20 19:30:26 UTC 2026
Cache sync 42 at Wed May 20 19:30:26 UTC 2026
Cache sync 43 at Wed May 20 19:30:26 UTC 2026
Cache sync 44 at Wed May 20 19:30:26 UTC 2026
Cache sync 45 at Wed May 20 19:30:26 UTC 2026
Cache sync 46 at Wed May 20 19:30:26 UTC 2026
Cache sync 47 at Wed May 20 19:30:26 UTC 2026
Cache sync 48 at Wed May 20 19:30:26 UTC 2026
Cache sync 49 at Wed May 20 19:30:26 UTC 2026
Cache sync 50 at Wed May 20 19:30:26 UTC 2026
Cache sync 51 at Wed May 20 19:30:26 UTC 2026
Cache sync 52 at Wed May 20 19:30:26 UTC 2026
Cache sync 53 at Wed May 20 19:30:26 UTC 2026
Cache sync 54 at Wed May 20 19:30:26 UTC 2026
Cache sync 55 at Wed May 20 19:30:26 UTC 2026
Cache sync 56 at Wed May 20 19:30:26 UTC 2026
Cache sync 57 at Wed May 20 19:30:26 UTC 2026
Cache sync 58 at Wed May 20 19:30:26 UTC 2026
Cache sync 59 at Wed May 20 19:30:26 UTC 2026
Cache sync 60 at Wed May 20 19:30:26 UTC 2026
Cache sync 61 at Wed May 20 19:30:26 UTC 2026
Cache sync 62 at Wed May 20 19:30:26 UTC 2026
Cache sync 63 at Wed May 20 19:30:26 UTC 2026
Cache sync 64 at Wed May 20 19:30:26 UTC 2026
Cache sync 65 at Wed May 20 19:30:26 UTC 2026
Cache sync 66 at Wed May 20 19:30:26 UTC 2026
Cache sync 1 at Thu May 21 19:03:43 UTC 2026
Cache sync 1 at Fri May 22 18:57:28 UTC 2026
Cache sync 2 at Fri May 22 18:57:29 UTC 2026
Cache sync 3 at Fri May 22 18:57:29 UTC 2026
Cache sync 4 at Fri May 22 18:57:29 UTC 2026
Cache sync 5 at Fri May 22 18:57:29 UTC 2026
Cache sync 6 at Fri May 22 18:57:29 UTC 2026
Cache sync 7 at Fri May 22 18:57:29 UTC 2026
Cache sync 8 at Fri May 22 18:57:29 UTC 2026
Cache sync 9 at Fri May 22 18:57:29 UTC 2026
Cache sync 10 at Fri May 22 18:57:29 UTC 2026
Cache sync 11 at Fri May 22 18:57:29 UTC 2026
Cache sync 12 at Fri May 22 18:57:29 UTC 2026
Cache sync 13 at Fri May 22 18:57:29 UTC 2026
Cache sync 14 at Fri May 22 18:57:29 UTC 2026
Cache sync 15 at Fri May 22 18:57:29 UTC 2026
Cache sync 16 at Fri May 22 18:57:29 UTC 2026
Cache sync 1 at Sun May 24 18:03:16 UTC 2026
Cache sync 2 at Sun May 24 18:03:16 UTC 2026
Cache sync 3 at Sun May 24 18:03:16 UTC 2026
Cache sync 4 at Sun May 24 18:03:16 UTC 2026
Cache sync 5 at Sun May 24 18:03:16 UTC 2026
Cache sync 6 at Sun May 24 18:03:16 UTC 2026
Cache sync 7 at Sun May 24 18:03:16 UTC 2026
Cache sync 8 at Sun May 24 18:03:16 UTC 2026
Cache sync 9 at Sun May 24 18:03:16 UTC 2026
Cache sync 10 at Sun May 24 18:03:16 UTC 2026
Cache sync 11 at Sun May 24 18:03:16 UTC 2026
Cache sync 12 at Sun May 24 18:03:16 UTC 2026
Cache sync 13 at Sun May 24 18:03:16 UTC 2026
Cache sync 14 at Sun May 24 18:03:16 UTC 2026
Cache sync 15 at Sun May 24 18:03:16 UTC 2026
Cache sync 16 at Sun May 24 18:03:16 UTC 2026
Cache sync 17 at Sun May 24 18:03:16 UTC 2026
Cache sync 18 at Sun May 24 18:03:16 UTC 2026
Cache sync 19 at Sun May 24 18:03:16 UTC 2026
Cache sync 20 at Sun May 24 18:03:16 UTC 2026
Cache sync 21 at Sun May 24 18:03:16 UTC 2026
Cache sync 22 at Sun May 24 18:03:16 UTC 2026
Cache sync 23 at Sun May 24 18:03:16 UTC 2026
Cache sync 24 at Sun May 24 18:03:16 UTC 2026
Cache sync 25 at Sun May 24 18:03:16 UTC 2026
Cache sync 26 at Sun May 24 18:03:16 UTC 2026
Cache sync 27 at Sun May 24 18:03:16 UTC 2026
Cache sync 28 at Sun May 24 18:03:16 UTC 2026
Cache sync 29 at Sun May 24 18:03:16 UTC 2026
Cache sync 30 at Sun May 24 18:03:16 UTC 2026
Cache sync 31 at Sun May 24 18:03:16 UTC 2026
Cache sync 32 at Sun May 24 18:03:16 UTC 2026
Cache sync 33 at Sun May 24 18:03:16 UTC 2026
Cache sync 34 at Sun May 24 18:03:16 UTC 2026
Cache sync 35 at Sun May 24 18:03:16 UTC 2026
Cache sync 36 at Sun May 24 18:03:16 UTC 2026
Cache sync 37 at Sun May 24 18:03:16 UTC 2026
Cache sync 38 at Sun May 24 18:03:16 UTC 2026
Cache sync 39 at Sun May 24 18:03:16 UTC 2026
Cache sync 40 at Sun May 24 18:03:16 UTC 2026
Cache sync 41 at Sun May 24 18:03:16 UTC 2026
Cache sync 42 at Sun May 24 18:03:16 UTC 2026
Cache sync 43 at Sun May 24 18:03:16 UTC 2026
Cache sync 44 at Sun May 24 18:03:16 UTC 2026
Cache sync 45 at Sun May 24 18:03:16 UTC 2026
Cache sync 46 at Sun May 24 18:03:16 UTC 2026
Cache sync 47 at Sun May 24 18:03:16 UTC 2026
Cache sync 48 at Sun May 24 18:03:16 UTC 2026
Cache sync 49 at Sun May 24 18:03:16 UTC 2026
Cache sync 50 at Sun May 24 18:03:16 UTC 2026
Cache sync 51 at Sun May 24 18:03:16 UTC 2026
Cache sync 52 at Sun May 24 18:03:16 UTC 2026
Cache sync 53 at Sun May 24 18:03:16 UTC 2026
Cache sync 54 at Sun May 24 18:03:16 UTC 2026
Cache sync 55 at Sun May 24 18:03:16 UTC 2026
Cache sync 56 at Sun May 24 18:03:16 UTC 2026
Cache sync 57 at Sun May 24 18:03:16 UTC 2026
Cache sync 58 at Sun May 24 18:03:16 UTC 2026
Cache sync 59 at Sun May 24 18:03:16 UTC 2026
Cache sync 60 at Sun May 24 18:03:16 UTC 2026
Cache sync 61 at Sun May 24 18:03:16 UTC 2026
Cache sync 62 at Sun May 24 18:03:16 UTC 2026
Cache sync 63 at Sun May 24 18:03:16 UTC 2026
Cache sync 64 at Sun May 24 18:03:16 UTC 2026
Cache sync 65 at Sun May 24 18:03:16 UTC 2026
Cache sync 66 at Sun May 24 18:03:16 UTC 2026
Cache sync 67 at Sun May 24 18:03:16 UTC 2026
Cache sync 68 at Sun May 24 18:03:17 UTC 2026
Cache sync 69 at Sun May 24 18:03:17 UTC 2026
Cache sync 70 at Sun May 24 18:03:17 UTC 2026
Cache sync 71 at Sun May 24 18:03:17 UTC 2026
Cache sync 72 at Sun May 24 18:03:17 UTC 2026
Cache sync 73 at Sun May 24 18:03:17 UTC 2026
Cache sync 74 at Sun May 24 18:03:17 UTC 2026
Cache sync 75 at Sun May 24 18:03:17 UTC 2026
Cache sync 76 at Sun May 24 18:03:17 UTC 2026
Cache sync 77 at Sun May 24 18:03:17 UTC 2026
Cache sync 78 at Sun May 24 18:03:17 UTC 2026
Cache sync 79 at Sun May 24 18:03:17 UTC 2026
Cache sync 80 at Sun May 24 18:03:17 UTC 2026
Cache sync 1 at Mon May 25 18:47:36 UTC 2026
Cache sync 2 at Mon May 25 18:47:36 UTC 2026
Cache sync 3 at Mon May 25 18:47:36 UTC 2026
Cache sync 4 at Mon May 25 18:47:36 UTC 2026
Cache sync 5 at Mon May 25 18:47:36 UTC 2026
Cache sync 6 at Mon May 25 18:47:36 UTC 2026
Cache sync 7 at Mon May 25 18:47:36 UTC 2026
Cache sync 8 at Mon May 25 18:47:36 UTC 2026
Cache sync 9 at Mon May 25 18:47:36 UTC 2026
Cache sync 10 at Mon May 25 18:47:36 UTC 2026
Cache sync 11 at Mon May 25 18:47:36 UTC 2026
Cache sync 12 at Mon May 25 18:47:36 UTC 2026
Cache sync 13 at Mon May 25 18:47:36 UTC 2026
Cache sync 14 at Mon May 25 18:47:36 UTC 2026
Cache sync 15 at Mon May 25 18:47:36 UTC 2026
Cache sync 16 at Mon May 25 18:47:36 UTC 2026
Cache sync 17 at Mon May 25 18:47:36 UTC 2026
Cache sync 18 at Mon May 25 18:47:36 UTC 2026
Cache sync 19 at Mon May 25 18:47:36 UTC 2026
Cache sync 20 at Mon May 25 18:47:36 UTC 2026
Cache sync 21 at Mon May 25 18:47:36 UTC 2026
Cache sync 22 at Mon May 25 18:47:36 UTC 2026
Cache sync 1 at Tue May 26 19:23:15 UTC 2026
Cache sync 2 at Tue May 26 19:23:15 UTC 2026
Cache sync 3 at Tue May 26 19:23:15 UTC 2026
Cache sync 4 at Tue May 26 19:23:15 UTC 2026
Cache sync 5 at Tue May 26 19:23:15 UTC 2026
Cache sync 6 at Tue May 26 19:23:15 UTC 2026
Cache sync 7 at Tue May 26 19:23:15 UTC 2026
Cache sync 8 at Tue May 26 19:23:15 UTC 2026
Cache sync 9 at Tue May 26 19:23:15 UTC 2026
Cache sync 10 at Tue May 26 19:23:15 UTC 2026
Cache sync 11 at Tue May 26 19:23:15 UTC 2026
Cache sync 12 at Tue May 26 19:23:15 UTC 2026
Cache sync 13 at Tue May 26 19:23:15 UTC 2026
Cache sync 14 at Tue May 26 19:23:15 UTC 2026
Cache sync 15 at Tue May 26 19:23:15 UTC 2026
Cache sync 16 at Tue May 26 19:23:15 UTC 2026
Cache sync 17 at Tue May 26 19:23:15 UTC 2026
Cache sync 18 at Tue May 26 19:23:15 UTC 2026
Cache sync 19 at Tue May 26 19:23:15 UTC 2026
Cache sync 20 at Tue May 26 19:23:15 UTC 2026
Cache sync 21 at Tue May 26 19:23:15 UTC 2026
Cache sync 22 at Tue May 26 19:23:15 UTC 2026
Cache sync 23 at Tue May 26 19:23:15 UTC 2026
Cache sync 24 at Tue May 26 19:23:15 UTC 2026
Cache sync 25 at Tue May 26 19:23:15 UTC 2026
Cache sync 26 at Tue May 26 19:23:15 UTC 2026
Cache sync 27 at Tue May 26 19:23:15 UTC 2026
Cache sync 28 at Tue May 26 19:23:15 UTC 2026
Cache sync 29 at Tue May 26 19:23:15 UTC 2026
Cache sync 30 at Tue May 26 19:23:15 UTC 2026
Cache sync 31 at Tue May 26 19:23:15 UTC 2026
Cache sync 32 at Tue May 26 19:23:15 UTC 2026
Cache sync 33 at Tue May 26 19:23:15 UTC 2026
Cache sync 34 at Tue May 26 19:23:15 UTC 2026
Cache sync 1 at Thu May 28 19:39:11 UTC 2026
Cache sync 2 at Thu May 28 19:39:11 UTC 2026
Cache sync 3 at Thu May 28 19:39:11 UTC 2026
Cache sync 4 at Thu May 28 19:39:11 UTC 2026
Cache sync 5 at Thu May 28 19:39:12 UTC 2026
Cache sync 6 at Thu May 28 19:39:12 UTC 2026
Cache sync 7 at Thu May 28 19:39:12 UTC 2026
Cache sync 8 at Thu May 28 19:39:12 UTC 2026
Cache sync 9 at Thu May 28 19:39:12 UTC 2026
Cache sync 10 at Thu May 28 19:39:12 UTC 2026
Cache sync 11 at Thu May 28 19:39:12 UTC 2026
Cache sync 12 at Thu May 28 19:39:12 UTC 2026
Cache sync 13 at Thu May 28 19:39:12 UTC 2026
Cache sync 14 at Thu May 28 19:39:12 UTC 2026
Cache sync 15 at Thu May 28 19:39:12 UTC 2026
Cache sync 16 at Thu May 28 19:39:12 UTC 2026
Cache sync 17 at Thu May 28 19:39:12 UTC 2026
Cache sync 18 at Thu May 28 19:39:12 UTC 2026
Cache sync 19 at Thu May 28 19:39:12 UTC 2026
Cache sync 20 at Thu May 28 19:39:12 UTC 2026
Cache sync 21 at Thu May 28 19:39:12 UTC 2026
Cache sync 22 at Thu May 28 19:39:12 UTC 2026
Cache sync 23 at Thu May 28 19:39:12 UTC 2026
Cache sync 24 at Thu May 28 19:39:12 UTC 2026
Cache sync 25 at Thu May 28 19:39:12 UTC 2026
Cache sync 26 at Thu May 28 19:39:12 UTC 2026
Cache sync 27 at Thu May 28 19:39:12 UTC 2026
Cache sync 28 at Thu May 28 19:39:12 UTC 2026
Cache sync 29 at Thu May 28 19:39:12 UTC 2026
Cache sync 30 at Thu May 28 19:39:12 UTC 2026
Cache sync 31 at Thu May 28 19:39:12 UTC 2026
Cache sync 32 at Thu May 28 19:39:12 UTC 2026
Cache sync 33 at Thu May 28 19:39:12 UTC 2026
Cache sync 34 at Thu May 28 19:39:12 UTC 2026
Cache sync 35 at Thu May 28 19:39:12 UTC 2026
Cache sync 36 at Thu May 28 19:39:12 UTC 2026
Cache sync 37 at Thu May 28 19:39:12 UTC 2026
Cache sync 38 at Thu May 28 19:39:12 UTC 2026
Cache sync 39 at Thu May 28 19:39:12 UTC 2026
Cache sync 40 at Thu May 28 19:39:12 UTC 2026
Cache sync 41 at Thu May 28 19:39:12 UTC 2026
Cache sync 42 at Thu May 28 19:39:12 UTC 2026
Cache sync 43 at Thu May 28 19:39:12 UTC 2026
Cache sync 44 at Thu May 28 19:39:12 UTC 2026
Cache sync 45 at Thu May 28 19:39:12 UTC 2026
Cache sync 46 at Thu May 28 19:39:12 UTC 2026
Cache sync 47 at Thu May 28 19:39:12 UTC 2026
Cache sync 48 at Thu May 28 19:39:12 UTC 2026
Cache sync 49 at Thu May 28 19:39:12 UTC 2026
Cache sync 50 at Thu May 28 19:39:12 UTC 2026
Cache sync 51 at Thu May 28 19:39:12 UTC 2026
Cache sync 52 at Thu May 28 19:39:12 UTC 2026
Cache sync 53 at Thu May 28 19:39:12 UTC 2026
Cache sync 54 at Thu May 28 19:39:12 UTC 2026
Cache sync 55 at Thu May 28 19:39:12 UTC 2026
Cache sync 56 at Thu May 28 19:39:12 UTC 2026
Cache sync 57 at Thu May 28 19:39:12 UTC 2026
Cache sync 58 at Thu May 28 19:39:12 UTC 2026
Cache sync 59 at Thu May 28 19:39:12 UTC 2026
Cache sync 60 at Thu May 28 19:39:12 UTC 2026
Cache sync 61 at Thu May 28 19:39:12 UTC 2026
Cache sync 62 at Thu May 28 19:39:12 UTC 2026
Cache sync 63 at Thu May 28 19:39:12 UTC 2026
Cache sync 64 at Thu May 28 19:39:12 UTC 2026
Cache sync 65 at Thu May 28 19:39:12 UTC 2026
Cache sync 1 at Fri May 29 19:35:27 UTC 2026
Cache sync 2 at Fri May 29 19:35:27 UTC 2026
Cache sync 3 at Fri May 29 19:35:27 UTC 2026
Cache sync 4 at Fri May 29 19:35:27 UTC 2026
Cache sync 5 at Fri May 29 19:35:27 UTC 2026
Cache sync 6 at Fri May 29 19:35:27 UTC 2026
Cache sync 7 at Fri May 29 19:35:27 UTC 2026
Cache sync 8 at Fri May 29 19:35:27 UTC 2026
Cache sync 9 at Fri May 29 19:35:27 UTC 2026
Cache sync 10 at Fri May 29 19:35:27 UTC 2026
Cache sync 11 at Fri May 29 19:35:27 UTC 2026
Cache sync 12 at Fri May 29 19:35:27 UTC 2026
Cache sync 13 at Fri May 29 19:35:27 UTC 2026
Cache sync 14 at Fri May 29 19:35:27 UTC 2026
Cache sync 15 at Fri May 29 19:35:27 UTC 2026
Cache sync 16 at Fri May 29 19:35:27 UTC 2026
Cache sync 17 at Fri May 29 19:35:27 UTC 2026
Cache sync 18 at Fri May 29 19:35:27 UTC 2026
Cache sync 19 at Fri May 29 19:35:27 UTC 2026
Cache sync 20 at Fri May 29 19:35:27 UTC 2026
Cache sync 21 at Fri May 29 19:35:27 UTC 2026
Cache sync 22 at Fri May 29 19:35:27 UTC 2026
Cache sync 23 at Fri May 29 19:35:27 UTC 2026
Cache sync 24 at Fri May 29 19:35:27 UTC 2026
Cache sync 25 at Fri May 29 19:35:27 UTC 2026
Cache sync 26 at Fri May 29 19:35:27 UTC 2026
Cache sync 27 at Fri May 29 19:35:27 UTC 2026
Cache sync 28 at Fri May 29 19:35:27 UTC 2026
Cache sync 29 at Fri May 29 19:35:27 UTC 2026
Cache sync 30 at Fri May 29 19:35:27 UTC 2026
Cache sync 31 at Fri May 29 19:35:27 UTC 2026
Cache sync 32 at Fri May 29 19:35:27 UTC 2026
Cache sync 33 at Fri May 29 19:35:27 UTC 2026
Cache sync 34 at Fri May 29 19:35:27 UTC 2026
Cache sync 35 at Fri May 29 19:35:27 UTC 2026
Cache sync 36 at Fri May 29 19:35:27 UTC 2026
Cache sync 37 at Fri May 29 19:35:27 UTC 2026
Cache sync 38 at Fri May 29 19:35:27 UTC 2026
Cache sync 39 at Fri May 29 19:35:27 UTC 2026
Cache sync 40 at Fri May 29 19:35:27 UTC 2026
Cache sync 41 at Fri May 29 19:35:27 UTC 2026
Cache sync 42 at Fri May 29 19:35:27 UTC 2026
Cache sync 43 at Fri May 29 19:35:27 UTC 2026
Cache sync 44 at Fri May 29 19:35:27 UTC 2026
Cache sync 45 at Fri May 29 19:35:27 UTC 2026
Cache sync 46 at Fri May 29 19:35:28 UTC 2026
Cache sync 47 at Fri May 29 19:35:28 UTC 2026
Cache sync 48 at Fri May 29 19:35:28 UTC 2026
Cache sync 49 at Fri May 29 19:35:28 UTC 2026
Cache sync 50 at Fri May 29 19:35:28 UTC 2026
Cache sync 1 at Sat May 30 18:05:26 UTC 2026
Cache sync 2 at Sat May 30 18:05:26 UTC 2026
Cache sync 3 at Sat May 30 18:05:26 UTC 2026
Cache sync 4 at Sat May 30 18:05:26 UTC 2026
Cache sync 5 at Sat May 30 18:05:26 UTC 2026
Cache sync 6 at Sat May 30 18:05:26 UTC 2026
Cache sync 7 at Sat May 30 18:05:26 UTC 2026
Cache sync 8 at Sat May 30 18:05:26 UTC 2026
Cache sync 9 at Sat May 30 18:05:26 UTC 2026
Cache sync 10 at Sat May 30 18:05:26 UTC 2026
Cache sync 11 at Sat May 30 18:05:26 UTC 2026
Cache sync 12 at Sat May 30 18:05:26 UTC 2026
Cache sync 13 at Sat May 30 18:05:26 UTC 2026
Cache sync 14 at Sat May 30 18:05:26 UTC 2026
Cache sync 15 at Sat May 30 18:05:26 UTC 2026
Cache sync 16 at Sat May 30 18:05:26 UTC 2026
Cache sync 17 at Sat May 30 18:05:26 UTC 2026
Cache sync 18 at Sat May 30 18:05:26 UTC 2026
Cache sync 19 at Sat May 30 18:05:26 UTC 2026
Cache sync 20 at Sat May 30 18:05:26 UTC 2026
Cache sync 21 at Sat May 30 18:05:26 UTC 2026
Cache sync 22 at Sat May 30 18:05:26 UTC 2026
Cache sync 23 at Sat May 30 18:05:26 UTC 2026
Cache sync 24 at Sat May 30 18:05:26 UTC 2026
Cache sync 25 at Sat May 30 18:05:26 UTC 2026
Cache sync 26 at Sat May 30 18:05:26 UTC 2026
Cache sync 27 at Sat May 30 18:05:26 UTC 2026
Cache sync 28 at Sat May 30 18:05:26 UTC 2026
Cache sync 29 at Sat May 30 18:05:26 UTC 2026
Cache sync 30 at Sat May 30 18:05:26 UTC 2026
Cache sync 31 at Sat May 30 18:05:26 UTC 2026
Cache sync 32 at Sat May 30 18:05:26 UTC 2026
Cache sync 33 at Sat May 30 18:05:26 UTC 2026
Cache sync 34 at Sat May 30 18:05:26 UTC 2026
Cache sync 35 at Sat May 30 18:05:26 UTC 2026
Cache sync 36 at Sat May 30 18:05:26 UTC 2026
Cache sync 37 at Sat May 30 18:05:26 UTC 2026
Cache sync 38 at Sat May 30 18:05:26 UTC 2026
Cache sync 39 at Sat May 30 18:05:26 UTC 2026
Cache sync 40 at Sat May 30 18:05:26 UTC 2026
Cache sync 41 at Sat May 30 18:05:26 UTC 2026
Cache sync 42 at Sat May 30 18:05:26 UTC 2026
Cache sync 43 at Sat May 30 18:05:26 UTC 2026
Cache sync 44 at Sat May 30 18:05:26 UTC 2026
Cache sync 45 at Sat May 30 18:05:26 UTC 2026
Cache sync 46 at Sat May 30 18:05:26 UTC 2026
Cache sync 47 at Sat May 30 18:05:26 UTC 2026
Cache sync 1 at Sun May 31 18:08:14 UTC 2026
Cache sync 2 at Sun May 31 18:08:14 UTC 2026
Cache sync 3 at Sun May 31 18:08:14 UTC 2026
Cache sync 4 at Sun May 31 18:08:14 UTC 2026
Cache sync 5 at Sun May 31 18:08:14 UTC 2026
Cache sync 6 at Sun May 31 18:08:15 UTC 2026
Cache sync 7 at Sun May 31 18:08:15 UTC 2026
Cache sync 8 at Sun May 31 18:08:15 UTC 2026
Cache sync 9 at Sun May 31 18:08:15 UTC 2026
Cache sync 10 at Sun May 31 18:08:15 UTC 2026
Cache sync 11 at Sun May 31 18:08:15 UTC 2026
Cache sync 12 at Sun May 31 18:08:15 UTC 2026
Cache sync 13 at Sun May 31 18:08:15 UTC 2026
Cache sync 14 at Sun May 31 18:08:15 UTC 2026
Cache sync 15 at Sun May 31 18:08:15 UTC 2026
Cache sync 16 at Sun May 31 18:08:15 UTC 2026
Cache sync 17 at Sun May 31 18:08:15 UTC 2026
Cache sync 18 at Sun May 31 18:08:15 UTC 2026
Cache sync 19 at Sun May 31 18:08:15 UTC 2026
Cache sync 20 at Sun May 31 18:08:15 UTC 2026
Cache sync 21 at Sun May 31 18:08:15 UTC 2026
Cache sync 22 at Sun May 31 18:08:15 UTC 2026
Cache sync 23 at Sun May 31 18:08:15 UTC 2026
Cache sync 24 at Sun May 31 18:08:15 UTC 2026
Cache sync 25 at Sun May 31 18:08:15 UTC 2026
Cache sync 26 at Sun May 31 18:08:15 UTC 2026
Cache sync 27 at Sun May 31 18:08:15 UTC 2026
Cache sync 28 at Sun May 31 18:08:15 UTC 2026
Cache sync 29 at Sun May 31 18:08:15 UTC 2026
Cache sync 30 at Sun May 31 18:08:15 UTC 2026
Cache sync 31 at Sun May 31 18:08:15 UTC 2026
Cache sync 32 at Sun May 31 18:08:15 UTC 2026
Cache sync 33 at Sun May 31 18:08:15 UTC 2026
Cache sync 34 at Sun May 31 18:08:15 UTC 2026
Cache sync 35 at Sun May 31 18:08:15 UTC 2026
Cache sync 36 at Sun May 31 18:08:15 UTC 2026
Cache sync 37 at Sun May 31 18:08:15 UTC 2026
Cache sync 38 at Sun May 31 18:08:15 UTC 2026
Cache sync 39 at Sun May 31 18:08:15 UTC 2026
Cache sync 40 at Sun May 31 18:08:15 UTC 2026
Cache sync 41 at Sun May 31 18:08:15 UTC 2026
Cache sync 42 at Sun May 31 18:08:15 UTC 2026
Cache sync 43 at Sun May 31 18:08:15 UTC 2026
Cache sync 44 at Sun May 31 18:08:15 UTC 2026
Cache sync 45 at Sun May 31 18:08:15 UTC 2026
Cache sync 46 at Sun May 31 18:08:15 UTC 2026
Cache sync 47 at Sun May 31 18:08:15 UTC 2026
Cache sync 48 at Sun May 31 18:08:15 UTC 2026
Cache sync 49 at Sun May 31 18:08:15 UTC 2026
Cache sync 50 at Sun May 31 18:08:15 UTC 2026
Cache sync 51 at Sun May 31 18:08:15 UTC 2026
Cache sync 52 at Sun May 31 18:08:15 UTC 2026
Cache sync 53 at Sun May 31 18:08:15 UTC 2026
Cache sync 54 at Sun May 31 18:08:15 UTC 2026
Cache sync 55 at Sun May 31 18:08:15 UTC 2026
Cache sync 56 at Sun May 31 18:08:15 UTC 2026
Cache sync 57 at Sun May 31 18:08:15 UTC 2026
Cache sync 58 at Sun May 31 18:08:15 UTC 2026
Cache sync 59 at Sun May 31 18:08:15 UTC 2026
Cache sync 60 at Sun May 31 18:08:15 UTC 2026
Cache sync 61 at Sun May 31 18:08:15 UTC 2026
Cache sync 62 at Sun May 31 18:08:15 UTC 2026
Cache sync 63 at Sun May 31 18:08:15 UTC 2026
Cache sync 64 at Sun May 31 18:08:15 UTC 2026
Cache sync 65 at Sun May 31 18:08:15 UTC 2026
Cache sync 66 at Sun May 31 18:08:15 UTC 2026
Cache sync 67 at Sun May 31 18:08:15 UTC 2026
Cache sync 68 at Sun May 31 18:08:15 UTC 2026
Cache sync 69 at Sun May 31 18:08:15 UTC 2026
Cache sync 70 at Sun May 31 18:08:15 UTC 2026
Cache sync 71 at Sun May 31 18:08:15 UTC 2026
Cache sync 72 at Sun May 31 18:08:15 UTC 2026
Cache sync 73 at Sun May 31 18:08:15 UTC 2026
Cache sync 74 at Sun May 31 18:08:15 UTC 2026
Cache sync 75 at Sun May 31 18:08:15 UTC 2026
Cache sync 76 at Sun May 31 18:08:15 UTC 2026
Cache sync 77 at Sun May 31 18:08:15 UTC 2026
Cache sync 78 at Sun May 31 18:08:15 UTC 2026
Cache sync 79 at Sun May 31 18:08:15 UTC 2026
Cache sync 1 at Mon Jun  1 20:59:31 UTC 2026
Cache sync 2 at Mon Jun  1 20:59:31 UTC 2026
Cache sync 3 at Mon Jun  1 20:59:31 UTC 2026
Cache sync 4 at Mon Jun  1 20:59:31 UTC 2026
Cache sync 5 at Mon Jun  1 20:59:31 UTC 2026
Cache sync 6 at Mon Jun  1 20:59:31 UTC 2026
Cache sync 7 at Mon Jun  1 20:59:31 UTC 2026
Cache sync 8 at Mon Jun  1 20:59:31 UTC 2026
Cache sync 9 at Mon Jun  1 20:59:31 UTC 2026
Cache sync 10 at Mon Jun  1 20:59:31 UTC 2026
Cache sync 11 at Mon Jun  1 20:59:31 UTC 2026
Cache sync 12 at Mon Jun  1 20:59:31 UTC 2026
Cache sync 13 at Mon Jun  1 20:59:31 UTC 2026
Cache sync 14 at Mon Jun  1 20:59:31 UTC 2026
Cache sync 15 at Mon Jun  1 20:59:31 UTC 2026
Cache sync 16 at Mon Jun  1 20:59:31 UTC 2026
Cache sync 17 at Mon Jun  1 20:59:31 UTC 2026
Cache sync 18 at Mon Jun  1 20:59:31 UTC 2026
Cache sync 19 at Mon Jun  1 20:59:31 UTC 2026
Cache sync 20 at Mon Jun  1 20:59:31 UTC 2026
Cache sync 21 at Mon Jun  1 20:59:31 UTC 2026
Cache sync 22 at Mon Jun  1 20:59:31 UTC 2026
Cache sync 23 at Mon Jun  1 20:59:31 UTC 2026
Cache sync 24 at Mon Jun  1 20:59:31 UTC 2026
Cache sync 25 at Mon Jun  1 20:59:31 UTC 2026
Cache sync 26 at Mon Jun  1 20:59:31 UTC 2026
Cache sync 27 at Mon Jun  1 20:59:31 UTC 2026
Cache sync 28 at Mon Jun  1 20:59:31 UTC 2026
Cache sync 29 at Mon Jun  1 20:59:31 UTC 2026
Cache sync 30 at Mon Jun  1 20:59:31 UTC 2026
Cache sync 31 at Mon Jun  1 20:59:31 UTC 2026
Cache sync 32 at Mon Jun  1 20:59:31 UTC 2026
Cache sync 33 at Mon Jun  1 20:59:31 UTC 2026
Cache sync 34 at Mon Jun  1 20:59:31 UTC 2026
Cache sync 35 at Mon Jun  1 20:59:31 UTC 2026
Cache sync 36 at Mon Jun  1 20:59:31 UTC 2026
Cache sync 37 at Mon Jun  1 20:59:31 UTC 2026
Cache sync 38 at Mon Jun  1 20:59:31 UTC 2026
Cache sync 39 at Mon Jun  1 20:59:31 UTC 2026
Cache sync 40 at Mon Jun  1 20:59:31 UTC 2026
Cache sync 41 at Mon Jun  1 20:59:31 UTC 2026
Cache sync 42 at Mon Jun  1 20:59:31 UTC 2026
Cache sync 43 at Mon Jun  1 20:59:31 UTC 2026
Cache sync 44 at Mon Jun  1 20:59:31 UTC 2026
Cache sync 45 at Mon Jun  1 20:59:31 UTC 2026
Cache sync 46 at Mon Jun  1 20:59:31 UTC 2026
Cache sync 47 at Mon Jun  1 20:59:31 UTC 2026
Cache sync 48 at Mon Jun  1 20:59:31 UTC 2026
Cache sync 49 at Mon Jun  1 20:59:31 UTC 2026
Cache sync 50 at Mon Jun  1 20:59:31 UTC 2026
Cache sync 51 at Mon Jun  1 20:59:31 UTC 2026
Cache sync 52 at Mon Jun  1 20:59:31 UTC 2026
Cache sync 53 at Mon Jun  1 20:59:31 UTC 2026
Cache sync 54 at Mon Jun  1 20:59:31 UTC 2026
Cache sync 55 at Mon Jun  1 20:59:31 UTC 2026
Cache sync 56 at Mon Jun  1 20:59:31 UTC 2026
Cache sync 57 at Mon Jun  1 20:59:31 UTC 2026
Cache sync 58 at Mon Jun  1 20:59:31 UTC 2026
Cache sync 59 at Mon Jun  1 20:59:31 UTC 2026
Cache sync 60 at Mon Jun  1 20:59:31 UTC 2026
Cache sync 61 at Mon Jun  1 20:59:31 UTC 2026
Cache sync 62 at Mon Jun  1 20:59:31 UTC 2026
Cache sync 63 at Mon Jun  1 20:59:31 UTC 2026
Cache sync 1 at Wed Jun  3 20:20:08 UTC 2026
Cache sync 2 at Wed Jun  3 20:20:08 UTC 2026
Cache sync 3 at Wed Jun  3 20:20:08 UTC 2026
Cache sync 4 at Wed Jun  3 20:20:08 UTC 2026
Cache sync 5 at Wed Jun  3 20:20:08 UTC 2026
Cache sync 6 at Wed Jun  3 20:20:08 UTC 2026
Cache sync 7 at Wed Jun  3 20:20:08 UTC 2026
Cache sync 8 at Wed Jun  3 20:20:08 UTC 2026
Cache sync 9 at Wed Jun  3 20:20:08 UTC 2026
Cache sync 10 at Wed Jun  3 20:20:08 UTC 2026
Cache sync 11 at Wed Jun  3 20:20:08 UTC 2026
Cache sync 12 at Wed Jun  3 20:20:08 UTC 2026
Cache sync 13 at Wed Jun  3 20:20:08 UTC 2026
Cache sync 14 at Wed Jun  3 20:20:08 UTC 2026
Cache sync 15 at Wed Jun  3 20:20:08 UTC 2026
Cache sync 16 at Wed Jun  3 20:20:08 UTC 2026
Cache sync 17 at Wed Jun  3 20:20:08 UTC 2026
Cache sync 18 at Wed Jun  3 20:20:08 UTC 2026
Cache sync 19 at Wed Jun  3 20:20:08 UTC 2026
Cache sync 20 at Wed Jun  3 20:20:08 UTC 2026
Cache sync 21 at Wed Jun  3 20:20:08 UTC 2026
Cache sync 22 at Wed Jun  3 20:20:08 UTC 2026
Cache sync 23 at Wed Jun  3 20:20:08 UTC 2026
Cache sync 24 at Wed Jun  3 20:20:08 UTC 2026
Cache sync 25 at Wed Jun  3 20:20:08 UTC 2026
Cache sync 26 at Wed Jun  3 20:20:08 UTC 2026
Cache sync 27 at Wed Jun  3 20:20:08 UTC 2026
Cache sync 28 at Wed Jun  3 20:20:08 UTC 2026
Cache sync 29 at Wed Jun  3 20:20:08 UTC 2026
Cache sync 30 at Wed Jun  3 20:20:08 UTC 2026
Cache sync 31 at Wed Jun  3 20:20:08 UTC 2026
Cache sync 32 at Wed Jun  3 20:20:08 UTC 2026
Cache sync 33 at Wed Jun  3 20:20:08 UTC 2026
Cache sync 34 at Wed Jun  3 20:20:08 UTC 2026
Cache sync 35 at Wed Jun  3 20:20:08 UTC 2026
Cache sync 36 at Wed Jun  3 20:20:08 UTC 2026
Cache sync 37 at Wed Jun  3 20:20:08 UTC 2026
Cache sync 38 at Wed Jun  3 20:20:08 UTC 2026
Cache sync 39 at Wed Jun  3 20:20:08 UTC 2026
Cache sync 40 at Wed Jun  3 20:20:08 UTC 2026
Cache sync 41 at Wed Jun  3 20:20:08 UTC 2026
Cache sync 42 at Wed Jun  3 20:20:08 UTC 2026
Cache sync 43 at Wed Jun  3 20:20:08 UTC 2026
Cache sync 44 at Wed Jun  3 20:20:08 UTC 2026
Cache sync 45 at Wed Jun  3 20:20:08 UTC 2026
Cache sync 46 at Wed Jun  3 20:20:08 UTC 2026
Cache sync 47 at Wed Jun  3 20:20:08 UTC 2026
Cache sync 48 at Wed Jun  3 20:20:08 UTC 2026
Cache sync 49 at Wed Jun  3 20:20:08 UTC 2026
Cache sync 50 at Wed Jun  3 20:20:08 UTC 2026
Cache sync 51 at Wed Jun  3 20:20:08 UTC 2026
Cache sync 52 at Wed Jun  3 20:20:08 UTC 2026
Cache sync 53 at Wed Jun  3 20:20:08 UTC 2026
Cache sync 54 at Wed Jun  3 20:20:08 UTC 2026
Cache sync 55 at Wed Jun  3 20:20:08 UTC 2026
Cache sync 56 at Wed Jun  3 20:20:08 UTC 2026
Cache sync 1 at Thu Jun  4 19:27:12 UTC 2026
Cache sync 2 at Thu Jun  4 19:27:12 UTC 2026
Cache sync 3 at Thu Jun  4 19:27:12 UTC 2026
Cache sync 4 at Thu Jun  4 19:27:12 UTC 2026
Cache sync 5 at Thu Jun  4 19:27:12 UTC 2026
Cache sync 6 at Thu Jun  4 19:27:12 UTC 2026
Cache sync 7 at Thu Jun  4 19:27:12 UTC 2026
Cache sync 8 at Thu Jun  4 19:27:12 UTC 2026
Cache sync 9 at Thu Jun  4 19:27:12 UTC 2026
Cache sync 10 at Thu Jun  4 19:27:12 UTC 2026
Cache sync 11 at Thu Jun  4 19:27:12 UTC 2026
Cache sync 12 at Thu Jun  4 19:27:12 UTC 2026
Cache sync 13 at Thu Jun  4 19:27:12 UTC 2026
Cache sync 14 at Thu Jun  4 19:27:12 UTC 2026
Cache sync 15 at Thu Jun  4 19:27:12 UTC 2026
Cache sync 16 at Thu Jun  4 19:27:12 UTC 2026
Cache sync 17 at Thu Jun  4 19:27:12 UTC 2026
Cache sync 18 at Thu Jun  4 19:27:12 UTC 2026
Cache sync 19 at Thu Jun  4 19:27:12 UTC 2026
Cache sync 20 at Thu Jun  4 19:27:12 UTC 2026
Cache sync 21 at Thu Jun  4 19:27:12 UTC 2026
Cache sync 22 at Thu Jun  4 19:27:12 UTC 2026
Cache sync 23 at Thu Jun  4 19:27:12 UTC 2026
Cache sync 24 at Thu Jun  4 19:27:12 UTC 2026
Cache sync 25 at Thu Jun  4 19:27:12 UTC 2026
Cache sync 26 at Thu Jun  4 19:27:12 UTC 2026
Cache sync 1 at Sun Jun  7 18:10:01 UTC 2026
Cache sync 2 at Sun Jun  7 18:10:01 UTC 2026
Cache sync 3 at Sun Jun  7 18:10:01 UTC 2026
Cache sync 4 at Sun Jun  7 18:10:01 UTC 2026
Cache sync 5 at Sun Jun  7 18:10:01 UTC 2026
Cache sync 6 at Sun Jun  7 18:10:01 UTC 2026
Cache sync 7 at Sun Jun  7 18:10:01 UTC 2026
Cache sync 8 at Sun Jun  7 18:10:01 UTC 2026
Cache sync 9 at Sun Jun  7 18:10:01 UTC 2026
Cache sync 10 at Sun Jun  7 18:10:01 UTC 2026
Cache sync 11 at Sun Jun  7 18:10:01 UTC 2026
Cache sync 12 at Sun Jun  7 18:10:01 UTC 2026
Cache sync 13 at Sun Jun  7 18:10:01 UTC 2026
Cache sync 14 at Sun Jun  7 18:10:01 UTC 2026
Cache sync 15 at Sun Jun  7 18:10:01 UTC 2026
Cache sync 16 at Sun Jun  7 18:10:01 UTC 2026
Cache sync 17 at Sun Jun  7 18:10:01 UTC 2026
Cache sync 18 at Sun Jun  7 18:10:01 UTC 2026
Cache sync 19 at Sun Jun  7 18:10:01 UTC 2026
Cache sync 20 at Sun Jun  7 18:10:01 UTC 2026
Cache sync 21 at Sun Jun  7 18:10:01 UTC 2026
Cache sync 22 at Sun Jun  7 18:10:01 UTC 2026
Cache sync 23 at Sun Jun  7 18:10:01 UTC 2026
Cache sync 24 at Sun Jun  7 18:10:01 UTC 2026
Cache sync 25 at Sun Jun  7 18:10:01 UTC 2026
Cache sync 26 at Sun Jun  7 18:10:01 UTC 2026
Cache sync 27 at Sun Jun  7 18:10:01 UTC 2026
Cache sync 28 at Sun Jun  7 18:10:01 UTC 2026
Cache sync 29 at Sun Jun  7 18:10:01 UTC 2026
Cache sync 30 at Sun Jun  7 18:10:01 UTC 2026
Cache sync 31 at Sun Jun  7 18:10:01 UTC 2026
Cache sync 32 at Sun Jun  7 18:10:01 UTC 2026
Cache sync 33 at Sun Jun  7 18:10:01 UTC 2026
Cache sync 34 at Sun Jun  7 18:10:01 UTC 2026
Cache sync 35 at Sun Jun  7 18:10:01 UTC 2026
Cache sync 36 at Sun Jun  7 18:10:01 UTC 2026
Cache sync 37 at Sun Jun  7 18:10:01 UTC 2026
Cache sync 38 at Sun Jun  7 18:10:01 UTC 2026
Cache sync 39 at Sun Jun  7 18:10:01 UTC 2026
Cache sync 40 at Sun Jun  7 18:10:01 UTC 2026
Cache sync 41 at Sun Jun  7 18:10:01 UTC 2026
Cache sync 42 at Sun Jun  7 18:10:01 UTC 2026
Cache sync 43 at Sun Jun  7 18:10:01 UTC 2026
Cache sync 44 at Sun Jun  7 18:10:01 UTC 2026
Cache sync 45 at Sun Jun  7 18:10:01 UTC 2026
Cache sync 46 at Sun Jun  7 18:10:01 UTC 2026
Cache sync 47 at Sun Jun  7 18:10:01 UTC 2026
Cache sync 48 at Sun Jun  7 18:10:01 UTC 2026
Cache sync 49 at Sun Jun  7 18:10:01 UTC 2026
Cache sync 50 at Sun Jun  7 18:10:01 UTC 2026
Cache sync 51 at Sun Jun  7 18:10:01 UTC 2026
Cache sync 52 at Sun Jun  7 18:10:01 UTC 2026
Cache sync 53 at Sun Jun  7 18:10:01 UTC 2026
Cache sync 54 at Sun Jun  7 18:10:01 UTC 2026
Cache sync 55 at Sun Jun  7 18:10:01 UTC 2026
Cache sync 56 at Sun Jun  7 18:10:01 UTC 2026
Cache sync 57 at Sun Jun  7 18:10:01 UTC 2026
Cache sync 58 at Sun Jun  7 18:10:01 UTC 2026
Cache sync 59 at Sun Jun  7 18:10:01 UTC 2026
Cache sync 60 at Sun Jun  7 18:10:01 UTC 2026
Cache sync 61 at Sun Jun  7 18:10:01 UTC 2026
Cache sync 62 at Sun Jun  7 18:10:01 UTC 2026
Cache sync 63 at Sun Jun  7 18:10:01 UTC 2026
Cache sync 64 at Sun Jun  7 18:10:01 UTC 2026
Cache sync 65 at Sun Jun  7 18:10:01 UTC 2026
Cache sync 66 at Sun Jun  7 18:10:01 UTC 2026
Cache sync 67 at Sun Jun  7 18:10:01 UTC 2026
Cache sync 68 at Sun Jun  7 18:10:01 UTC 2026
Cache sync 69 at Sun Jun  7 18:10:01 UTC 2026
Cache sync 70 at Sun Jun  7 18:10:01 UTC 2026
Cache sync 1 at Mon Jun  8 19:26:07 UTC 2026
Cache sync 2 at Mon Jun  8 19:26:07 UTC 2026
Cache sync 3 at Mon Jun  8 19:26:07 UTC 2026
Cache sync 4 at Mon Jun  8 19:26:07 UTC 2026
Cache sync 5 at Mon Jun  8 19:26:07 UTC 2026
Cache sync 6 at Mon Jun  8 19:26:07 UTC 2026
Cache sync 7 at Mon Jun  8 19:26:07 UTC 2026
Cache sync 8 at Mon Jun  8 19:26:07 UTC 2026
Cache sync 1 at Tue Jun  9 19:21:37 UTC 2026
Cache sync 2 at Tue Jun  9 19:21:37 UTC 2026
Cache sync 3 at Tue Jun  9 19:21:37 UTC 2026
Cache sync 4 at Tue Jun  9 19:21:37 UTC 2026
Cache sync 5 at Tue Jun  9 19:21:37 UTC 2026
Cache sync 6 at Tue Jun  9 19:21:37 UTC 2026
Cache sync 7 at Tue Jun  9 19:21:37 UTC 2026
Cache sync 8 at Tue Jun  9 19:21:37 UTC 2026
Cache sync 9 at Tue Jun  9 19:21:37 UTC 2026
Cache sync 10 at Tue Jun  9 19:21:37 UTC 2026
Cache sync 11 at Tue Jun  9 19:21:37 UTC 2026
Cache sync 12 at Tue Jun  9 19:21:37 UTC 2026
Cache sync 13 at Tue Jun  9 19:21:37 UTC 2026
Cache sync 14 at Tue Jun  9 19:21:37 UTC 2026
Cache sync 15 at Tue Jun  9 19:21:37 UTC 2026
Cache sync 16 at Tue Jun  9 19:21:37 UTC 2026
Cache sync 17 at Tue Jun  9 19:21:37 UTC 2026
Cache sync 18 at Tue Jun  9 19:21:37 UTC 2026
Cache sync 19 at Tue Jun  9 19:21:37 UTC 2026
Cache sync 20 at Tue Jun  9 19:21:37 UTC 2026
Cache sync 21 at Tue Jun  9 19:21:37 UTC 2026
Cache sync 22 at Tue Jun  9 19:21:38 UTC 2026
